#-----------------------------------------------------------
# Vivado v2017.4 (64-bit)
# SW Build 2086221 on Fri Dec 15 20:55:39 MST 2017
# IP Build 2085800 on Fri Dec 15 22:25:07 MST 2017
# Start of session at: Fri Jun 22 09:20:31 2018
# Process ID: 18008
# Current directory: C:/Users/AsFrG/AppData/Roaming/Xilinx/Vivado
# Command line: vivado.exe -gui_launcher_event rodinguilauncherevent17620
# Log file: C:/Users/AsFrG/AppData/Roaming/Xilinx/Vivado/vivado.log
# Journal file: C:/Users/AsFrG/AppData/Roaming/Xilinx/Vivado\vivado.jou
#-----------------------------------------------------------
start_gui
open_project D:/HUST_study/FPGA_based_DSP/microblaze_3_4_1/microblaze_3_4_1.xpr
Scanning sources...
Finished scanning sources
INFO: [IP_Flow 19-234] Refreshing IP repositories
INFO: [IP_Flow 19-1700] Loaded user IP repository 'd:/HUST_study/FPGA_based_DSP/hamming_window_cpp_prj/solution1/impl/ip'.
INFO: [IP_Flow 19-1700] Loaded user IP repository 'd:/HUST_study/FPGA_based_DSP/stream_average_prj/solution2/impl/ip'.
INFO: [IP_Flow 19-2313] Loaded Vivado IP repository 'C:/Xilinx/Vivado/2017.4/data/ip'.
open_project: Time (s): cpu = 00:00:46 ; elapsed = 00:01:00 . Memory (MB): peak = 1053.355 ; gain = 369.418
update_compile_order -fileset sources_1
open_bd_design {D:/HUST_study/FPGA_based_DSP/microblaze_3_4_1/microblaze_3_4_1.srcs/sources_1/bd/design_1/design_1.bd}
Adding cell -- xilinx.com:ip:xlconcat:2.1 - interrupt_concat
Adding cell -- xilinx.com:ip:mig_7series:4.0 - mig_7series_0
Adding cell -- xilinx.com:ip:axi_tft:2.0 - axi_tft_0
Adding cell -- xilinx.com:ip:clk_wiz:5.4 - clk_wiz_25MHz
Adding cell -- xilinx.com:ip:smartconnect:1.0 - axi_smc_1
Adding cell -- xilinx.com:ip:smartconnect:1.0 - axi_smc_2
Adding cell -- xilinx.com:ip:smartconnect:1.0 - axi_smc_3
Adding cell -- xilinx.com:ip:smartconnect:1.0 - axi_smc
Adding cell -- xilinx.com:ip:axi_intc:4.1 - axi_intc_0
Adding cell -- xilinx.com:ip:mdm:3.2 - mdm_1
Adding cell -- xilinx.com:ip:microblaze:10.0 - microblaze_0
Adding cell -- xilinx.com:ip:proc_sys_reset:5.0 - rst_clk_wiz_1_100M
Adding cell -- xilinx.com:ip:xadc_wiz:3.3 - xadc_wiz_0
Adding cell -- xilinx.com:ip:fir_compiler:7.2 - fir_compiler_0
Adding cell -- xilinx.com:ip:smartconnect:1.0 - axi_smc_4
Adding cell -- xilinx.com:ip:smartconnect:1.0 - axi_smc_5
Adding cell -- xilinx.com:ip:smartconnect:1.0 - axi_smc_6
Adding cell -- xilinx.com:ip:axi_gpio:2.0 - gpio_read_switch
Adding cell -- xilinx.com:ip:axi_bram_ctrl:4.0 - axi_bram_ctrl_mod_read
Adding cell -- xilinx.com:ip:axi_bram_ctrl:4.0 - axi_bram_ctrl_mod_write
Adding cell -- xilinx.com:ip:blk_mem_gen:8.4 - blk_mem_gen_0
Adding cell -- xilinx.com:ip:xlslice:1.0 - xlslice_real
Adding cell -- xilinx.com:ip:floating_point:7.1 - floating_point_square_real
Adding cell -- xilinx.com:ip:xlslice:1.0 - xlslice_imag
Adding cell -- xilinx.com:ip:floating_point:7.1 - floating_point_square_imag
Adding cell -- xilinx.com:ip:floating_point:7.1 - floating_point_fix2float_real
Adding cell -- xilinx.com:ip:xlconstant:1.1 - dtmv_mod_mm2s_cmd
Adding cell -- xilinx.com:ip:floating_point:7.1 - floating_point_sqrt
Adding cell -- xilinx.com:ip:floating_point:7.1 - floating_point_float2fix
Adding cell -- xilinx.com:ip:floating_point:7.1 - floating_point_sum
Adding cell -- xilinx.com:ip:floating_point:7.1 - floating_point_fix2float_imag
Adding cell -- xilinx.com:ip:xlconstant:1.1 - xlconstant_true
Adding cell -- xilinx.com:ip:axi_datamover:5.1 - axi_datamover_mod_mm2s
Adding cell -- xilinx.com:ip:axi_datamover:5.1 - axi_datamover_mod_s2mm
Adding cell -- xilinx.com:ip:xlconstant:1.1 - dtmv_mod_s2mm_cmd
Adding cell -- xilinx.com:ip:xlconstant:1.1 - stream_avg_start
Adding cell -- xilinx.com:hls:stream_average:1.0 - stream_average_0
Adding cell -- xilinx.com:ip:axi_bram_ctrl:4.0 - axi_bram_ctrl_fft_read
Adding cell -- xilinx.com:ip:axi_bram_ctrl:4.0 - axi_bram_ctrl_fft_write
Adding cell -- xilinx.com:ip:blk_mem_gen:8.4 - blk_mem_gen_0
Adding cell -- xilinx.com:ip:xlconcat:2.1 - xlconcat_0
Adding cell -- xilinx.com:ip:xlconstant:1.1 - dtmv_fft_cmd
Adding cell -- xilinx.com:ip:xfft:9.0 - xfft_0
Adding cell -- xilinx.com:ip:xlconstant:1.1 - fft_config
Adding cell -- xilinx.com:ip:xlconstant:1.1 - always_true
Adding cell -- xilinx.com:ip:xlconstant:1.1 - fft_all_0_imag
Adding cell -- xilinx.com:ip:axi_datamover:5.1 - axi_datamover_fft
Adding cell -- xilinx.com:ip:xlconstant:1.1 - hamming_ap_start
Adding cell -- xilinx.com:hls:hamming_window:1.0 - hamming_window_0
Adding cell -- xilinx.com:ip:fir_compiler:7.2 - fir_compiler_0
Adding cell -- xilinx.com:ip:lmb_v10:3.0 - dlmb_v10
Adding cell -- xilinx.com:ip:lmb_v10:3.0 - ilmb_v10
Adding cell -- xilinx.com:ip:lmb_bram_if_cntlr:4.0 - dlmb_bram_if_cntlr
Adding cell -- xilinx.com:ip:lmb_bram_if_cntlr:4.0 - ilmb_bram_if_cntlr
Adding cell -- xilinx.com:ip:blk_mem_gen:8.4 - lmb_bram
Adding cell -- xilinx.com:ip:xlconstant:1.1 - hamming_ap_start
Adding cell -- xilinx.com:hls:hamming_window:1.0 - hamming_window_0
Adding cell -- xilinx.com:ip:axi_bram_ctrl:4.0 - axi_bram_ctrl_mod_read
Adding cell -- xilinx.com:ip:axi_bram_ctrl:4.0 - axi_bram_ctrl_mod_write
Adding cell -- xilinx.com:ip:blk_mem_gen:8.4 - blk_mem_gen_0
Adding cell -- xilinx.com:ip:xlslice:1.0 - xlslice_real
Adding cell -- xilinx.com:ip:floating_point:7.1 - floating_point_square_real
Adding cell -- xilinx.com:ip:xlslice:1.0 - xlslice_imag
Adding cell -- xilinx.com:ip:floating_point:7.1 - floating_point_square_imag
Adding cell -- xilinx.com:ip:floating_point:7.1 - floating_point_fix2float_real
Adding cell -- xilinx.com:ip:xlconstant:1.1 - dtmv_mod_mm2s_cmd
Adding cell -- xilinx.com:ip:floating_point:7.1 - floating_point_sqrt
Adding cell -- xilinx.com:ip:floating_point:7.1 - floating_point_float2fix
Adding cell -- xilinx.com:ip:floating_point:7.1 - floating_point_sum
Adding cell -- xilinx.com:ip:floating_point:7.1 - floating_point_fix2float_imag
Adding cell -- xilinx.com:ip:xlconstant:1.1 - xlconstant_true
Adding cell -- xilinx.com:ip:axi_datamover:5.1 - axi_datamover_mod_mm2s
Adding cell -- xilinx.com:ip:axi_datamover:5.1 - axi_datamover_mod_s2mm
Adding cell -- xilinx.com:ip:xlconstant:1.1 - dtmv_mod_s2mm_cmd
Adding cell -- xilinx.com:ip:xlconstant:1.1 - stream_avg_start
Adding cell -- xilinx.com:hls:stream_average:1.0 - stream_average_0
Adding cell -- xilinx.com:ip:axi_bram_ctrl:4.0 - axi_bram_ctrl_fft_read
Adding cell -- xilinx.com:ip:axi_bram_ctrl:4.0 - axi_bram_ctrl_fft_write
Adding cell -- xilinx.com:ip:blk_mem_gen:8.4 - blk_mem_gen_0
Adding cell -- xilinx.com:ip:xlconcat:2.1 - xlconcat_0
Adding cell -- xilinx.com:ip:xlconstant:1.1 - dtmv_fft_cmd
Adding cell -- xilinx.com:ip:xfft:9.0 - xfft_0
Adding cell -- xilinx.com:ip:xlconstant:1.1 - fft_config
Adding cell -- xilinx.com:ip:xlconstant:1.1 - always_true
Adding cell -- xilinx.com:ip:xlconstant:1.1 - fft_all_0_imag
Adding cell -- xilinx.com:ip:axi_datamover:5.1 - axi_datamover_fft
Adding cell -- xilinx.com:ip:axi_crossbar:2.1 - xbar
Adding cell -- xilinx.com:ip:axi_protocol_converter:2.1 - auto_pc
Adding cell -- xilinx.com:ip:axi_protocol_converter:2.1 - auto_pc
Successfully read diagram <design_1> from BD file <D:/HUST_study/FPGA_based_DSP/microblaze_3_4_1/microblaze_3_4_1.srcs/sources_1/bd/design_1/design_1.bd>
open_bd_design: Time (s): cpu = 00:00:15 ; elapsed = 00:00:18 . Memory (MB): peak = 1218.059 ; gain = 163.945
archive_project C:/Users/AsFrG/Desktop/microblaze_3_4_1.xpr.zip -temp_dir C:/Users/AsFrG/AppData/Roaming/Xilinx/Vivado/.Xil/Vivado-18008-RIEMANN -force -include_local_ip_cache -include_config_settings
INFO: [Coretcl 2-137] starting archive...
INFO: [Coretcl 2-1499] Saving project copy to temporary location 'C:/Users/AsFrG/AppData/Roaming/Xilinx/Vivado/.Xil/Vivado-18008-RIEMANN' for archiving project
Scanning sources...
Finished scanning sources
INFO: [IP_Flow 19-234] Refreshing IP repositories
INFO: [IP_Flow 19-1700] Loaded user IP repository 'd:/HUST_study/FPGA_based_DSP/hamming_window_cpp_prj/solution1/impl/ip'.
INFO: [IP_Flow 19-1700] Loaded user IP repository 'd:/HUST_study/FPGA_based_DSP/stream_average_prj/solution2/impl/ip'.
INFO: [IP_Flow 19-2313] Loaded Vivado IP repository 'C:/Xilinx/Vivado/2017.4/data/ip'.
INFO: [Coretcl 2-1211] Creating project copy for archival...
INFO: [Coretcl 2-1213] Including run results for 'synth_1'
INFO: [Coretcl 2-1213] Including run results for 'design_1_fir_compiler_0_0_synth_1'
INFO: [Coretcl 2-1213] Including run results for 'design_1_axi_smc_0_synth_1'
INFO: [Coretcl 2-1213] Including run results for 'design_1_xbar_0_synth_1'
INFO: [Coretcl 2-1213] Including run results for 'design_1_axi_intc_0_0_synth_1'
INFO: [Coretcl 2-1213] Including run results for 'design_1_hamming_window_0_0_synth_1'
INFO: [Coretcl 2-1213] Including run results for 'design_1_xlconstant_0_5_synth_1'
INFO: [Coretcl 2-1213] Including run results for 'design_1_xlconstant_0_6_synth_1'
INFO: [Coretcl 2-1213] Including run results for 'design_1_rst_clk_wiz_1_100M_0_synth_1'
INFO: [Coretcl 2-1213] Including run results for 'design_1_dlmb_bram_if_cntlr_0_synth_1'
INFO: [Coretcl 2-1213] Including run results for 'design_1_dlmb_v10_0_synth_1'
INFO: [Coretcl 2-1213] Including run results for 'design_1_ilmb_v10_0_synth_1'
INFO: [Coretcl 2-1213] Including run results for 'design_1_mdm_1_0_synth_1'
INFO: [Coretcl 2-1213] Including run results for 'design_1_ilmb_bram_if_cntlr_0_synth_1'
INFO: [Coretcl 2-1213] Including run results for 'design_1_microblaze_0_0_synth_1'
INFO: [Coretcl 2-1213] Including run results for 'design_1_stream_average_0_0_synth_1'
INFO: [Coretcl 2-1213] Including run results for 'design_1_axi_smc_3_0_synth_1'
INFO: [Coretcl 2-1213] Including run results for 'design_1_axi_bram_ctrl_mod_read_0_synth_1'
INFO: [Coretcl 2-1213] Including run results for 'design_1_axi_bram_ctrl_mod_write_0_synth_1'
INFO: [Coretcl 2-1213] Including run results for 'design_1_dtmv_mod_s2mm_cmd_0_synth_1'
INFO: [Coretcl 2-1213] Including run results for 'design_1_blk_mem_gen_0_2_synth_1'
INFO: [Coretcl 2-1213] Including run results for 'design_1_fft_config_0_synth_1'
INFO: [Coretcl 2-1213] Including run results for 'design_1_xfft_0_0_synth_1'
INFO: [Coretcl 2-1213] Including run results for 'design_1_axi_bram_ctrl_fft_write_0_synth_1'
INFO: [Coretcl 2-1213] Including run results for 'design_1_xlconcat_0_1_synth_1'
INFO: [Coretcl 2-1213] Including run results for 'design_1_always_true_0_synth_1'
INFO: [Coretcl 2-1213] Including run results for 'design_1_floating_point_fix2float_real_0_synth_1'
INFO: [Coretcl 2-1213] Including run results for 'design_1_axi_datamover_mod_s2mm_0_synth_1'
INFO: [Coretcl 2-1213] Including run results for 'design_1_dtmv_mod_mm2s_cmd_1_synth_1'
INFO: [Coretcl 2-1213] Including run results for 'design_1_axi_datamover_fft_0_synth_1'
INFO: [Coretcl 2-1213] Including run results for 'design_1_dtmv_fft_cmd_0_synth_1'
INFO: [Coretcl 2-1213] Including run results for 'design_1_axi_datamover_mod_mm2s_0_synth_1'
INFO: [Coretcl 2-1213] Including run results for 'design_1_floating_point_sqrt_0_synth_1'
INFO: [Coretcl 2-1213] Including run results for 'design_1_blk_mem_gen_0_3_synth_1'
INFO: [Coretcl 2-1213] Including run results for 'design_1_xlslice_real_0_synth_1'
INFO: [Coretcl 2-1213] Including run results for 'design_1_stream_avg_start_0_synth_1'
INFO: [Coretcl 2-1213] Including run results for 'design_1_fir_compiler_0_1_synth_1'
INFO: [Coretcl 2-1213] Including run results for 'design_1_floating_point_sum_0_synth_1'
INFO: [Coretcl 2-1213] Including run results for 'design_1_xlslice_imag_0_synth_1'
INFO: [Coretcl 2-1213] Including run results for 'design_1_floating_point_square_imag_1_synth_1'
INFO: [Coretcl 2-1213] Including run results for 'design_1_axi_smc_2_1_synth_1'
INFO: [Coretcl 2-1213] Including run results for 'design_1_floating_point_float2fix_0_synth_1'
INFO: [Coretcl 2-1213] Including run results for 'design_1_floating_point_fix2float_imag_1_synth_1'
INFO: [Coretcl 2-1213] Including run results for 'design_1_axi_bram_ctrl_fft_read_0_synth_1'
INFO: [Coretcl 2-1213] Including run results for 'design_1_fft_all_0_imag_0_synth_1'
INFO: [Coretcl 2-1213] Including run results for 'design_1_xlconstant_true_0_synth_1'
INFO: [Coretcl 2-1213] Including run results for 'design_1_hamming_ap_start_0_synth_1'
INFO: [Coretcl 2-1213] Including run results for 'design_1_axi_smc_1_0_synth_1'
INFO: [Coretcl 2-1213] Including run results for 'design_1_axi_gpio_0_0_synth_1'
INFO: [Coretcl 2-1213] Including run results for 'impl_1'
INFO: [Coretcl 2-133] re-setting run 'design_1_fir_compiler_0_0_impl_1'...
INFO: [Coretcl 2-133] re-setting run 'design_1_axi_smc_0_impl_1'...
INFO: [Coretcl 2-133] re-setting run 'design_1_xbar_0_impl_1'...
INFO: [Coretcl 2-133] re-setting run 'design_1_axi_intc_0_0_impl_1'...
INFO: [Coretcl 2-133] re-setting run 'design_1_hamming_window_0_0_impl_1'...
INFO: [Coretcl 2-133] re-setting run 'design_1_xlconstant_0_5_impl_1'...
INFO: [Coretcl 2-133] re-setting run 'design_1_xlconstant_0_6_impl_1'...
INFO: [Coretcl 2-133] re-setting run 'design_1_rst_clk_wiz_1_100M_0_impl_1'...
INFO: [Coretcl 2-133] re-setting run 'design_1_dlmb_bram_if_cntlr_0_impl_1'...
INFO: [Coretcl 2-133] re-setting run 'design_1_dlmb_v10_0_impl_1'...
INFO: [Coretcl 2-133] re-setting run 'design_1_ilmb_v10_0_impl_1'...
INFO: [Coretcl 2-133] re-setting run 'design_1_mdm_1_0_impl_1'...
INFO: [Coretcl 2-133] re-setting run 'design_1_ilmb_bram_if_cntlr_0_impl_1'...
INFO: [Coretcl 2-133] re-setting run 'design_1_microblaze_0_0_impl_1'...
INFO: [Coretcl 2-133] re-setting run 'design_1_stream_average_0_0_impl_1'...
INFO: [Coretcl 2-133] re-setting run 'design_1_axi_smc_3_0_impl_1'...
INFO: [Coretcl 2-133] re-setting run 'design_1_axi_bram_ctrl_mod_read_0_impl_1'...
INFO: [Coretcl 2-133] re-setting run 'design_1_axi_bram_ctrl_mod_write_0_impl_1'...
INFO: [Coretcl 2-133] re-setting run 'design_1_dtmv_mod_s2mm_cmd_0_impl_1'...
INFO: [Coretcl 2-133] re-setting run 'design_1_blk_mem_gen_0_2_impl_1'...
INFO: [Coretcl 2-133] re-setting run 'design_1_fft_config_0_impl_1'...
INFO: [Coretcl 2-133] re-setting run 'design_1_xfft_0_0_impl_1'...
INFO: [Coretcl 2-133] re-setting run 'design_1_axi_bram_ctrl_fft_write_0_impl_1'...
INFO: [Coretcl 2-133] re-setting run 'design_1_xlconcat_0_1_impl_1'...
INFO: [Coretcl 2-133] re-setting run 'design_1_always_true_0_impl_1'...
INFO: [Coretcl 2-133] re-setting run 'design_1_floating_point_fix2float_real_0_impl_1'...
INFO: [Coretcl 2-133] re-setting run 'design_1_axi_datamover_mod_s2mm_0_impl_1'...
INFO: [Coretcl 2-133] re-setting run 'design_1_dtmv_mod_mm2s_cmd_1_impl_1'...
INFO: [Coretcl 2-133] re-setting run 'design_1_axi_datamover_fft_0_impl_1'...
INFO: [Coretcl 2-133] re-setting run 'design_1_dtmv_fft_cmd_0_impl_1'...
INFO: [Coretcl 2-133] re-setting run 'design_1_axi_datamover_mod_mm2s_0_impl_1'...
INFO: [Coretcl 2-133] re-setting run 'design_1_floating_point_sqrt_0_impl_1'...
INFO: [Coretcl 2-133] re-setting run 'design_1_blk_mem_gen_0_3_impl_1'...
INFO: [Coretcl 2-133] re-setting run 'design_1_xlslice_real_0_impl_1'...
INFO: [Coretcl 2-133] re-setting run 'design_1_stream_avg_start_0_impl_1'...
INFO: [Coretcl 2-133] re-setting run 'design_1_fir_compiler_0_1_impl_1'...
INFO: [Coretcl 2-133] re-setting run 'design_1_floating_point_sum_0_impl_1'...
INFO: [Coretcl 2-133] re-setting run 'design_1_xlslice_imag_0_impl_1'...
INFO: [Coretcl 2-133] re-setting run 'design_1_floating_point_square_imag_1_impl_1'...
INFO: [Coretcl 2-133] re-setting run 'design_1_axi_smc_2_1_impl_1'...
INFO: [Coretcl 2-133] re-setting run 'design_1_floating_point_float2fix_0_impl_1'...
INFO: [Coretcl 2-133] re-setting run 'design_1_floating_point_fix2float_imag_1_impl_1'...
INFO: [Coretcl 2-133] re-setting run 'design_1_axi_bram_ctrl_fft_read_0_impl_1'...
INFO: [Coretcl 2-133] re-setting run 'design_1_fft_all_0_imag_0_impl_1'...
INFO: [Coretcl 2-133] re-setting run 'design_1_xlconstant_true_0_impl_1'...
INFO: [Coretcl 2-133] re-setting run 'design_1_hamming_ap_start_0_impl_1'...
INFO: [Coretcl 2-133] re-setting run 'design_1_axi_smc_1_0_impl_1'...
INFO: [Coretcl 2-133] re-setting run 'design_1_axi_gpio_0_0_impl_1'...
INFO: [Coretcl 2-1212] Importing remotely added design sources and verilog include files (if any)...
INFO: [filemgmt 20-334] All file(s) are already imported in fileset: 'design_1_always_true_0'
INFO: [filemgmt 20-348] Importing the appropriate files for fileset: 'design_1_always_true_0'
INFO: [filemgmt 20-334] All file(s) are already imported in fileset: 'design_1_axi_bram_ctrl_fft_read_0'
INFO: [filemgmt 20-348] Importing the appropriate files for fileset: 'design_1_axi_bram_ctrl_fft_read_0'
INFO: [filemgmt 20-334] All file(s) are already imported in fileset: 'design_1_axi_bram_ctrl_fft_write_0'
INFO: [filemgmt 20-348] Importing the appropriate files for fileset: 'design_1_axi_bram_ctrl_fft_write_0'
INFO: [filemgmt 20-334] All file(s) are already imported in fileset: 'design_1_axi_bram_ctrl_mod_read_0'
INFO: [filemgmt 20-348] Importing the appropriate files for fileset: 'design_1_axi_bram_ctrl_mod_read_0'
INFO: [filemgmt 20-334] All file(s) are already imported in fileset: 'design_1_axi_bram_ctrl_mod_write_0'
INFO: [filemgmt 20-348] Importing the appropriate files for fileset: 'design_1_axi_bram_ctrl_mod_write_0'
INFO: [filemgmt 20-334] All file(s) are already imported in fileset: 'design_1_axi_datamover_fft_0'
INFO: [filemgmt 20-348] Importing the appropriate files for fileset: 'design_1_axi_datamover_fft_0'
INFO: [filemgmt 20-334] All file(s) are already imported in fileset: 'design_1_axi_datamover_mod_mm2s_0'
INFO: [filemgmt 20-348] Importing the appropriate files for fileset: 'design_1_axi_datamover_mod_mm2s_0'
INFO: [filemgmt 20-334] All file(s) are already imported in fileset: 'design_1_axi_datamover_mod_s2mm_0'
INFO: [filemgmt 20-348] Importing the appropriate files for fileset: 'design_1_axi_datamover_mod_s2mm_0'
INFO: [filemgmt 20-334] All file(s) are already imported in fileset: 'design_1_axi_gpio_0_0'
INFO: [filemgmt 20-348] Importing the appropriate files for fileset: 'design_1_axi_gpio_0_0'
INFO: [filemgmt 20-348] Importing the appropriate files for fileset: 'design_1_axi_intc_0_0'
INFO: [filemgmt 20-334] All file(s) are already imported in fileset: 'design_1_axi_smc_0'
INFO: [filemgmt 20-348] Importing the appropriate files for fileset: 'design_1_axi_smc_0'
INFO: [filemgmt 20-334] All file(s) are already imported in fileset: 'design_1_axi_smc_1_0'
INFO: [filemgmt 20-348] Importing the appropriate files for fileset: 'design_1_axi_smc_1_0'
INFO: [filemgmt 20-334] All file(s) are already imported in fileset: 'design_1_axi_smc_2_1'
INFO: [filemgmt 20-348] Importing the appropriate files for fileset: 'design_1_axi_smc_2_1'
INFO: [filemgmt 20-334] All file(s) are already imported in fileset: 'design_1_axi_smc_3_0'
INFO: [filemgmt 20-348] Importing the appropriate files for fileset: 'design_1_axi_smc_3_0'
INFO: [filemgmt 20-334] All file(s) are already imported in fileset: 'design_1_blk_mem_gen_0_2'
INFO: [filemgmt 20-348] Importing the appropriate files for fileset: 'design_1_blk_mem_gen_0_2'
INFO: [filemgmt 20-334] All file(s) are already imported in fileset: 'design_1_blk_mem_gen_0_3'
INFO: [filemgmt 20-348] Importing the appropriate files for fileset: 'design_1_blk_mem_gen_0_3'
INFO: [filemgmt 20-348] Importing the appropriate files for fileset: 'design_1_dlmb_bram_if_cntlr_0'
INFO: [filemgmt 20-348] Importing the appropriate files for fileset: 'design_1_dlmb_v10_0'
INFO: [filemgmt 20-334] All file(s) are already imported in fileset: 'design_1_dtmv_fft_cmd_0'
INFO: [filemgmt 20-348] Importing the appropriate files for fileset: 'design_1_dtmv_fft_cmd_0'
INFO: [filemgmt 20-334] All file(s) are already imported in fileset: 'design_1_dtmv_mod_mm2s_cmd_1'
INFO: [filemgmt 20-348] Importing the appropriate files for fileset: 'design_1_dtmv_mod_mm2s_cmd_1'
INFO: [filemgmt 20-334] All file(s) are already imported in fileset: 'design_1_dtmv_mod_s2mm_cmd_0'
INFO: [filemgmt 20-348] Importing the appropriate files for fileset: 'design_1_dtmv_mod_s2mm_cmd_0'
INFO: [filemgmt 20-334] All file(s) are already imported in fileset: 'design_1_fft_all_0_imag_0'
INFO: [filemgmt 20-348] Importing the appropriate files for fileset: 'design_1_fft_all_0_imag_0'
INFO: [filemgmt 20-334] All file(s) are already imported in fileset: 'design_1_fft_config_0'
INFO: [filemgmt 20-348] Importing the appropriate files for fileset: 'design_1_fft_config_0'
INFO: [filemgmt 20-334] All file(s) are already imported in fileset: 'design_1_fir_compiler_0_0'
INFO: [filemgmt 20-348] Importing the appropriate files for fileset: 'design_1_fir_compiler_0_0'
INFO: [filemgmt 20-334] All file(s) are already imported in fileset: 'design_1_fir_compiler_0_1'
INFO: [filemgmt 20-348] Importing the appropriate files for fileset: 'design_1_fir_compiler_0_1'
INFO: [filemgmt 20-334] All file(s) are already imported in fileset: 'design_1_floating_point_fix2float_imag_1'
INFO: [filemgmt 20-348] Importing the appropriate files for fileset: 'design_1_floating_point_fix2float_imag_1'
INFO: [filemgmt 20-334] All file(s) are already imported in fileset: 'design_1_floating_point_fix2float_real_0'
INFO: [filemgmt 20-348] Importing the appropriate files for fileset: 'design_1_floating_point_fix2float_real_0'
INFO: [filemgmt 20-334] All file(s) are already imported in fileset: 'design_1_floating_point_float2fix_0'
INFO: [filemgmt 20-348] Importing the appropriate files for fileset: 'design_1_floating_point_float2fix_0'
INFO: [filemgmt 20-334] All file(s) are already imported in fileset: 'design_1_floating_point_sqrt_0'
INFO: [filemgmt 20-348] Importing the appropriate files for fileset: 'design_1_floating_point_sqrt_0'
INFO: [filemgmt 20-334] All file(s) are already imported in fileset: 'design_1_floating_point_square_imag_1'
INFO: [filemgmt 20-348] Importing the appropriate files for fileset: 'design_1_floating_point_square_imag_1'
INFO: [filemgmt 20-334] All file(s) are already imported in fileset: 'design_1_floating_point_sum_0'
INFO: [filemgmt 20-348] Importing the appropriate files for fileset: 'design_1_floating_point_sum_0'
INFO: [filemgmt 20-334] All file(s) are already imported in fileset: 'design_1_hamming_ap_start_0'
INFO: [filemgmt 20-348] Importing the appropriate files for fileset: 'design_1_hamming_ap_start_0'
INFO: [filemgmt 20-334] All file(s) are already imported in fileset: 'design_1_hamming_window_0_0'
INFO: [filemgmt 20-348] Importing the appropriate files for fileset: 'design_1_hamming_window_0_0'
INFO: [filemgmt 20-348] Importing the appropriate files for fileset: 'design_1_ilmb_bram_if_cntlr_0'
INFO: [filemgmt 20-348] Importing the appropriate files for fileset: 'design_1_ilmb_v10_0'
INFO: [filemgmt 20-348] Importing the appropriate files for fileset: 'design_1_mdm_1_0'
INFO: [filemgmt 20-348] Importing the appropriate files for fileset: 'design_1_microblaze_0_0'
INFO: [filemgmt 20-348] Importing the appropriate files for fileset: 'design_1_rst_clk_wiz_1_100M_0'
INFO: [filemgmt 20-334] All file(s) are already imported in fileset: 'design_1_stream_average_0_0'
INFO: [filemgmt 20-348] Importing the appropriate files for fileset: 'design_1_stream_average_0_0'
INFO: [filemgmt 20-334] All file(s) are already imported in fileset: 'design_1_stream_avg_start_0'
INFO: [filemgmt 20-348] Importing the appropriate files for fileset: 'design_1_stream_avg_start_0'
INFO: [filemgmt 20-348] Importing the appropriate files for fileset: 'design_1_xbar_0'
INFO: [filemgmt 20-334] All file(s) are already imported in fileset: 'design_1_xfft_0_0'
INFO: [filemgmt 20-348] Importing the appropriate files for fileset: 'design_1_xfft_0_0'
INFO: [filemgmt 20-334] All file(s) are already imported in fileset: 'design_1_xlconcat_0_1'
INFO: [filemgmt 20-348] Importing the appropriate files for fileset: 'design_1_xlconcat_0_1'
INFO: [filemgmt 20-334] All file(s) are already imported in fileset: 'design_1_xlconstant_0_5'
INFO: [filemgmt 20-348] Importing the appropriate files for fileset: 'design_1_xlconstant_0_5'
INFO: [filemgmt 20-334] All file(s) are already imported in fileset: 'design_1_xlconstant_0_6'
INFO: [filemgmt 20-348] Importing the appropriate files for fileset: 'design_1_xlconstant_0_6'
INFO: [filemgmt 20-334] All file(s) are already imported in fileset: 'design_1_xlconstant_true_0'
INFO: [filemgmt 20-348] Importing the appropriate files for fileset: 'design_1_xlconstant_true_0'
INFO: [filemgmt 20-334] All file(s) are already imported in fileset: 'design_1_xlslice_imag_0'
INFO: [filemgmt 20-348] Importing the appropriate files for fileset: 'design_1_xlslice_imag_0'
INFO: [filemgmt 20-334] All file(s) are already imported in fileset: 'design_1_xlslice_real_0'
INFO: [filemgmt 20-348] Importing the appropriate files for fileset: 'design_1_xlslice_real_0'
INFO: [filemgmt 20-334] All file(s) are already imported in fileset: 'constrs_1'
INFO: [filemgmt 20-348] Importing the appropriate files for fileset: 'constrs_1'
INFO: [filemgmt 20-334] All file(s) are already imported in fileset: 'sources_1'
INFO: [filemgmt 20-348] Importing the appropriate files for fileset: 'sources_1'
