#-----------------------------------------------------------
# Webtalk v2017.4 (64-bit)
# SW Build 2086221 on Fri Dec 15 20:55:39 MST 2017
# 
# Start of session at: Thu Jun  7 00:38:07 2018
# Process ID: 700
# Current directory: D:/HUST_study/FPGA_based_DSP/microblaze_2_7/microblaze_2_7.sdk/webtalk
# Command line: wbtcv.exe -mode batch -source sdk_webtalk.tcl
# Log file: D:/HUST_study/FPGA_based_DSP/microblaze_2_7/microblaze_2_7.sdk/webtalk/webtalk.log
# Journal file: D:/HUST_study/FPGA_based_DSP/microblaze_2_7/microblaze_2_7.sdk/webtalk\webtalk.jou
#-----------------------------------------------------------
source sdk_webtalk.tcl
# webtalk_init -webtalk_dir D:\\HUST_study\\FPGA_based_DSP\\microblaze_2_7\\microblaze_2_7.sdk\\webtalk
# webtalk_register_client -client project
# webtalk_add_data -client project -key date_generated -value "2018-06-07 00:38:06" -context "software_version_and_target_device"
# webtalk_add_data -client project -key product_version -value "SDK v2017.4" -context "software_version_and_target_device"
# webtalk_add_data -client project -key build_version -value "2017.4" -context "software_version_and_target_device"
# webtalk_add_data -client project -key os_platform -value "amd64" -context "software_version_and_target_device"
# webtalk_add_data -client project -key registration_id -value "" -context "software_version_and_target_device"
# webtalk_add_data -client project -key tool_flow -value "SDK" -context "software_version_and_target_device"
# webtalk_add_data -client project -key beta -value "false" -context "software_version_and_target_device"
# webtalk_add_data -client project -key route_design -value "NA" -context "software_version_and_target_device"
# webtalk_add_data -client project -key target_family -value "NA" -context "software_version_and_target_device"
# webtalk_add_data -client project -key target_device -value "NA" -context "software_version_and_target_device"
# webtalk_add_data -client project -key target_package -value "NA" -context "software_version_and_target_device"
# webtalk_add_data -client project -key target_speed -value "NA" -context "software_version_and_target_device"
# webtalk_add_data -client project -key random_id -value "3nmi6087kb5hl6aqol3o9fsovc" -context "software_version_and_target_device"
# webtalk_add_data -client project -key project_id -value "2017.4_25" -context "software_version_and_target_device"
# webtalk_add_data -client project -key project_iteration -value "25" -context "software_version_and_target_device"
# webtalk_add_data -client project -key os_name -value "Microsoft Windows 8 or later , 64-bit" -context "user_environment"
# webtalk_add_data -client project -key os_release -value "major release  (build 9200)" -context "user_environment"
# webtalk_add_data -client project -key cpu_name -value "Intel(R) Core(TM) i5-7300HQ CPU @ 2.50GHz" -context "user_environment"
# webtalk_add_data -client project -key cpu_speed -value "2496 MHz" -context "user_environment"
# webtalk_add_data -client project -key total_processors -value "1" -context "user_environment"
# webtalk_add_data -client project -key system_ram -value "21.351 GB" -context "user_environment"
# webtalk_register_client -client sdk
# webtalk_add_data -client sdk -key uid -value "1528299984151" -context "sdk\\\\application/1528299984151"
# webtalk_add_data -client sdk -key hwid -value "1528268769746" -context "sdk\\\\application/1528299984151"
# webtalk_add_data -client sdk -key bspid -value "1528292584411" -context "sdk\\\\application/1528299984151"
# webtalk_add_data -client sdk -key newbsp -value "false" -context "sdk\\\\application/1528299984151"
# webtalk_add_data -client sdk -key os -value "standalone" -context "sdk\\\\application/1528299984151"
# webtalk_add_data -client sdk -key apptemplate -value "empty_application" -context "sdk\\\\application/1528299984151"
# webtalk_add_data -client sdk -key RecordType -value "APPCreation" -context "sdk\\\\application/1528299984151"
# webtalk_add_data -client sdk -key LangUsed -value "C" -context "sdk\\\\application/1528299984151"
# webtalk_add_data -client sdk -key Procused -value "microblaze" -context "sdk\\\\application/1528299984151"
# webtalk_add_data -client sdk -key projSize -value "197.79296875" -context "sdk\\\\application/1528299984151"
# webtalk_add_data -client sdk -key uid -value "NA" -context "sdk\\\\bsp/1528303086238"
# webtalk_add_data -client sdk -key RecordType -value "ToolUsage" -context "sdk\\\\bsp/1528303086238"
# webtalk_add_data -client sdk -key BootgenCount -value "0" -context "sdk\\\\bsp/1528303086238"
# webtalk_add_data -client sdk -key DebugCount -value "22" -context "sdk\\\\bsp/1528303086238"
# webtalk_add_data -client sdk -key PerfCount -value "0" -context "sdk\\\\bsp/1528303086238"
# webtalk_add_data -client sdk -key FlashCount -value "0" -context "sdk\\\\bsp/1528303086238"
# webtalk_add_data -client sdk -key CrossTriggCount -value "0" -context "sdk\\\\bsp/1528303086238"
# webtalk_add_data -client sdk -key QemuDebugCount -value "0" -context "sdk\\\\bsp/1528303086238"
# webtalk_transmit -clientid 2840233939 -regid "" -xml D:\\HUST_study\\FPGA_based_DSP\\microblaze_2_7\\microblaze_2_7.sdk\\webtalk\\usage_statistics_ext_sdk.xml -html D:\\HUST_study\\FPGA_based_DSP\\microblaze_2_7\\microblaze_2_7.sdk\\webtalk\\usage_statistics_ext_sdk.html -wdm D:\\HUST_study\\FPGA_based_DSP\\microblaze_2_7\\microblaze_2_7.sdk\\webtalk\\sdk_webtalk.wdm -intro "<H3>SDK Usage Report</H3><BR>"
# webtalk_terminate
INFO: [Common 17-206] Exiting Webtalk at Thu Jun  7 00:38:08 2018...
