
*** Halting run - EA reset detected ***


*** Running vivado
    with args -log design_1_floating_point_sqrt_0.vds -m64 -product Vivado -mode batch -messageDb vivado.pb -notrace -source design_1_floating_point_sqrt_0.tcl


****** Vivado v2017.4 (64-bit)
  **** SW Build 2086221 on Fri Dec 15 20:55:39 MST 2017
  **** IP Build 2085800 on Fri Dec 15 22:25:07 MST 2017
    ** Copyright 1986-2017 Xilinx, Inc. All Rights Reserved.

source design_1_floating_point_sqrt_0.tcl -notrace
Command: synth_design -top design_1_floating_point_sqrt_0 -part xc7a100tcsg324-1 -mode out_of_context
Starting synth_design
Attempting to get a license for feature 'Synthesis' and/or device 'xc7a100t'
INFO: [Common 17-349] Got license for feature 'Synthesis' and/or device 'xc7a100t'
INFO: Launching helper process for spawning children vivado processes
INFO: Helper process launched with PID 20344 
---------------------------------------------------------------------------------
Starting RTL Elaboration : Time (s): cpu = 00:00:09 ; elapsed = 00:00:10 . Memory (MB): peak = 389.719 ; gain = 102.785
---------------------------------------------------------------------------------
INFO: [Synth 8-638] synthesizing module 'design_1_floating_point_sqrt_0' [d:/HUST_study/FPGA_based_DSP/microblaze_3_4_1/microblaze_3_4_1.srcs/sources_1/bd/design_1/ip/design_1_floating_point_sqrt_0/synth/design_1_floating_point_sqrt_0.vhd:74]
	Parameter C_XDEVICEFAMILY bound to: artix7 - type: string 
	Parameter C_HAS_ADD bound to: 0 - type: integer 
	Parameter C_HAS_SUBTRACT bound to: 0 - type: integer 
	Parameter C_HAS_MULTIPLY bound to: 0 - type: integer 
	Parameter C_HAS_DIVIDE bound to: 0 - type: integer 
	Parameter C_HAS_SQRT bound to: 1 - type: integer 
	Parameter C_HAS_COMPARE bound to: 0 - type: integer 
	Parameter C_HAS_FIX_TO_FLT bound to: 0 - type: integer 
	Parameter C_HAS_FLT_TO_FIX bound to: 0 - type: integer 
	Parameter C_HAS_FLT_TO_FLT bound to: 0 - type: integer 
	Parameter C_HAS_RECIP bound to: 0 - type: integer 
	Parameter C_HAS_RECIP_SQRT bound to: 0 - type: integer 
	Parameter C_HAS_ABSOLUTE bound to: 0 - type: integer 
	Parameter C_HAS_LOGARITHM bound to: 0 - type: integer 
	Parameter C_HAS_EXPONENTIAL bound to: 0 - type: integer 
	Parameter C_HAS_FMA bound to: 0 - type: integer 
	Parameter C_HAS_FMS bound to: 0 - type: integer 
	Parameter C_HAS_ACCUMULATOR_A bound to: 0 - type: integer 
	Parameter C_HAS_ACCUMULATOR_S bound to: 0 - type: integer 
	Parameter C_A_WIDTH bound to: 32 - type: integer 
	Parameter C_A_FRACTION_WIDTH bound to: 24 - type: integer 
	Parameter C_B_WIDTH bound to: 32 - type: integer 
	Parameter C_B_FRACTION_WIDTH bound to: 24 - type: integer 
	Parameter C_C_WIDTH bound to: 32 - type: integer 
	Parameter C_C_FRACTION_WIDTH bound to: 24 - type: integer 
	Parameter C_RESULT_WIDTH bound to: 32 - type: integer 
	Parameter C_RESULT_FRACTION_WIDTH bound to: 24 - type: integer 
	Parameter C_COMPARE_OPERATION bound to: 8 - type: integer 
	Parameter C_LATENCY bound to: 29 - type: integer 
	Parameter C_OPTIMIZATION bound to: 1 - type: integer 
	Parameter C_MULT_USAGE bound to: 0 - type: integer 
	Parameter C_BRAM_USAGE bound to: 0 - type: integer 
	Parameter C_RATE bound to: 1 - type: integer 
	Parameter C_ACCUM_INPUT_MSB bound to: 32 - type: integer 
	Parameter C_ACCUM_MSB bound to: 32 - type: integer 
	Parameter C_ACCUM_LSB bound to: -31 - type: integer 
	Parameter C_HAS_UNDERFLOW bound to: 0 - type: integer 
	Parameter C_HAS_OVERFLOW bound to: 0 - type: integer 
	Parameter C_HAS_INVALID_OP bound to: 0 - type: integer 
	Parameter C_HAS_DIVIDE_BY_ZERO bound to: 0 - type: integer 
	Parameter C_HAS_ACCUM_OVERFLOW bound to: 0 - type: integer 
	Parameter C_HAS_ACCUM_INPUT_OVERFLOW bound to: 0 - type: integer 
	Parameter C_HAS_ACLKEN bound to: 0 - type: integer 
	Parameter C_HAS_ARESETN bound to: 1 - type: integer 
	Parameter C_THROTTLE_SCHEME bound to: 1 - type: integer 
	Parameter C_HAS_A_TUSER bound to: 0 - type: integer 
	Parameter C_HAS_A_TLAST bound to: 1 - type: integer 
	Parameter C_HAS_B bound to: 0 - type: integer 
	Parameter C_HAS_B_TUSER bound to: 0 - type: integer 
	Parameter C_HAS_B_TLAST bound to: 0 - type: integer 
	Parameter C_HAS_C bound to: 0 - type: integer 
	Parameter C_HAS_C_TUSER bound to: 0 - type: integer 
	Parameter C_HAS_C_TLAST bound to: 0 - type: integer 
	Parameter C_HAS_OPERATION bound to: 0 - type: integer 
	Parameter C_HAS_OPERATION_TUSER bound to: 0 - type: integer 
	Parameter C_HAS_OPERATION_TLAST bound to: 0 - type: integer 
	Parameter C_HAS_RESULT_TUSER bound to: 0 - type: integer 
	Parameter C_HAS_RESULT_TLAST bound to: 1 - type: integer 
	Parameter C_TLAST_RESOLUTION bound to: 1 - type: integer 
	Parameter C_A_TDATA_WIDTH bound to: 32 - type: integer 
	Parameter C_A_TUSER_WIDTH bound to: 1 - type: integer 
	Parameter C_B_TDATA_WIDTH bound to: 32 - type: integer 
	Parameter C_B_TUSER_WIDTH bound to: 1 - type: integer 
	Parameter C_C_TDATA_WIDTH bound to: 32 - type: integer 
	Parameter C_C_TUSER_WIDTH bound to: 1 - type: integer 
	Parameter C_OPERATION_TDATA_WIDTH bound to: 8 - type: integer 
	Parameter C_OPERATION_TUSER_WIDTH bound to: 1 - type: integer 
	Parameter C_RESULT_TDATA_WIDTH bound to: 32 - type: integer 
	Parameter C_RESULT_TUSER_WIDTH bound to: 1 - type: integer 
	Parameter C_FIXED_DATA_UNSIGNED bound to: 0 - type: integer 
INFO: [Synth 8-3491] module 'floating_point_v7_1_5' declared at 'd:/HUST_study/FPGA_based_DSP/microblaze_3_4_1/microblaze_3_4_1.srcs/sources_1/bd/design_1/ipshared/b20f/hdl/floating_point_v7_1_vh_rfs.vhd:91604' bound to instance 'U0' of component 'floating_point_v7_1_5' [d:/HUST_study/FPGA_based_DSP/microblaze_3_4_1/microblaze_3_4_1.srcs/sources_1/bd/design_1/ip/design_1_floating_point_sqrt_0/synth/design_1_floating_point_sqrt_0.vhd:206]
INFO: [Synth 8-256] done synthesizing module 'design_1_floating_point_sqrt_0' (15#1) [d:/HUST_study/FPGA_based_DSP/microblaze_3_4_1/microblaze_3_4_1.srcs/sources_1/bd/design_1/ip/design_1_floating_point_sqrt_0/synth/design_1_floating_point_sqrt_0.vhd:74]
WARNING: [Synth 8-3331] design xbip_pipe_v3_0_4_viv__parameterized4 has unconnected port SCLR
WARNING: [Synth 8-3331] design xbip_pipe_v3_0_4_viv__parameterized4 has unconnected port SSET
WARNING: [Synth 8-3331] design xbip_pipe_v3_0_4_viv__parameterized4 has unconnected port SINIT
WARNING: [Synth 8-3331] design flt_dec_op has unconnected port DEC_OP_STATE[11]
WARNING: [Synth 8-3331] design flt_dec_op has unconnected port DEC_OP_STATE[10]
WARNING: [Synth 8-3331] design flt_dec_op has unconnected port DEC_OP_STATE[9]
WARNING: [Synth 8-3331] design flt_dec_op has unconnected port DEC_OP_STATE[8]
WARNING: [Synth 8-3331] design flt_dec_op has unconnected port DIVIDE_BY_ZERO_IN
WARNING: [Synth 8-3331] design xbip_pipe_v3_0_4_viv__parameterized10 has unconnected port CLK
WARNING: [Synth 8-3331] design xbip_pipe_v3_0_4_viv__parameterized10 has unconnected port CE
WARNING: [Synth 8-3331] design xbip_pipe_v3_0_4_viv__parameterized10 has unconnected port SCLR
WARNING: [Synth 8-3331] design xbip_pipe_v3_0_4_viv__parameterized10 has unconnected port SSET
WARNING: [Synth 8-3331] design xbip_pipe_v3_0_4_viv__parameterized10 has unconnected port SINIT
WARNING: [Synth 8-3331] design xbip_pipe_v3_0_4_viv__parameterized82 has unconnected port SCLR
WARNING: [Synth 8-3331] design xbip_pipe_v3_0_4_viv__parameterized82 has unconnected port SSET
WARNING: [Synth 8-3331] design xbip_pipe_v3_0_4_viv__parameterized82 has unconnected port SINIT
WARNING: [Synth 8-3331] design xbip_pipe_v3_0_4_viv__parameterized68 has unconnected port SCLR
WARNING: [Synth 8-3331] design xbip_pipe_v3_0_4_viv__parameterized68 has unconnected port SSET
WARNING: [Synth 8-3331] design xbip_pipe_v3_0_4_viv__parameterized68 has unconnected port SINIT
WARNING: [Synth 8-3331] design carry_chain__parameterized26 has unconnected port B[11]
WARNING: [Synth 8-3331] design xbip_pipe_v3_0_4_viv__parameterized66 has unconnected port CLK
WARNING: [Synth 8-3331] design xbip_pipe_v3_0_4_viv__parameterized66 has unconnected port CE
WARNING: [Synth 8-3331] design xbip_pipe_v3_0_4_viv__parameterized66 has unconnected port SCLR
WARNING: [Synth 8-3331] design xbip_pipe_v3_0_4_viv__parameterized66 has unconnected port SSET
WARNING: [Synth 8-3331] design xbip_pipe_v3_0_4_viv__parameterized66 has unconnected port SINIT
WARNING: [Synth 8-3331] design xbip_pipe_v3_0_4_viv__parameterized42 has unconnected port CLK
WARNING: [Synth 8-3331] design xbip_pipe_v3_0_4_viv__parameterized42 has unconnected port CE
WARNING: [Synth 8-3331] design xbip_pipe_v3_0_4_viv__parameterized42 has unconnected port SCLR
WARNING: [Synth 8-3331] design xbip_pipe_v3_0_4_viv__parameterized42 has unconnected port SSET
WARNING: [Synth 8-3331] design xbip_pipe_v3_0_4_viv__parameterized42 has unconnected port SINIT
WARNING: [Synth 8-3331] design xbip_pipe_v3_0_4_viv__parameterized62 has unconnected port SCLR
WARNING: [Synth 8-3331] design xbip_pipe_v3_0_4_viv__parameterized62 has unconnected port SSET
WARNING: [Synth 8-3331] design xbip_pipe_v3_0_4_viv__parameterized62 has unconnected port SINIT
WARNING: [Synth 8-3331] design xbip_pipe_v3_0_4_viv__parameterized168 has unconnected port CLK
WARNING: [Synth 8-3331] design xbip_pipe_v3_0_4_viv__parameterized168 has unconnected port CE
WARNING: [Synth 8-3331] design xbip_pipe_v3_0_4_viv__parameterized168 has unconnected port SCLR
WARNING: [Synth 8-3331] design xbip_pipe_v3_0_4_viv__parameterized168 has unconnected port SSET
WARNING: [Synth 8-3331] design xbip_pipe_v3_0_4_viv__parameterized168 has unconnected port SINIT
WARNING: [Synth 8-3331] design flt_round_bit has unconnected port NORMALIZE[1]
WARNING: [Synth 8-3331] design flt_round_bit has unconnected port FIXED_POINT
WARNING: [Synth 8-3331] design flt_round_bit has unconnected port FIX_MANT_SIGN
WARNING: [Synth 8-3331] design flt_round_bit has unconnected port SIGN
WARNING: [Synth 8-3331] design xbip_pipe_v3_0_4_viv__parameterized170 has unconnected port CLK
WARNING: [Synth 8-3331] design xbip_pipe_v3_0_4_viv__parameterized170 has unconnected port CE
WARNING: [Synth 8-3331] design xbip_pipe_v3_0_4_viv__parameterized170 has unconnected port SCLR
WARNING: [Synth 8-3331] design xbip_pipe_v3_0_4_viv__parameterized170 has unconnected port SSET
WARNING: [Synth 8-3331] design xbip_pipe_v3_0_4_viv__parameterized170 has unconnected port SINIT
WARNING: [Synth 8-3331] design xbip_pipe_v3_0_4_viv__parameterized166 has unconnected port CLK
WARNING: [Synth 8-3331] design xbip_pipe_v3_0_4_viv__parameterized166 has unconnected port CE
WARNING: [Synth 8-3331] design xbip_pipe_v3_0_4_viv__parameterized166 has unconnected port SCLR
WARNING: [Synth 8-3331] design xbip_pipe_v3_0_4_viv__parameterized166 has unconnected port SSET
WARNING: [Synth 8-3331] design xbip_pipe_v3_0_4_viv__parameterized166 has unconnected port SINIT
WARNING: [Synth 8-3331] design xbip_pipe_v3_0_4_viv__parameterized164 has unconnected port CLK
WARNING: [Synth 8-3331] design xbip_pipe_v3_0_4_viv__parameterized164 has unconnected port CE
WARNING: [Synth 8-3331] design xbip_pipe_v3_0_4_viv__parameterized164 has unconnected port SCLR
WARNING: [Synth 8-3331] design xbip_pipe_v3_0_4_viv__parameterized164 has unconnected port SSET
WARNING: [Synth 8-3331] design xbip_pipe_v3_0_4_viv__parameterized164 has unconnected port SINIT
WARNING: [Synth 8-3331] design xbip_pipe_v3_0_4_viv__parameterized84 has unconnected port CLK
WARNING: [Synth 8-3331] design xbip_pipe_v3_0_4_viv__parameterized84 has unconnected port CE
WARNING: [Synth 8-3331] design xbip_pipe_v3_0_4_viv__parameterized84 has unconnected port SCLR
WARNING: [Synth 8-3331] design xbip_pipe_v3_0_4_viv__parameterized84 has unconnected port SSET
WARNING: [Synth 8-3331] design xbip_pipe_v3_0_4_viv__parameterized84 has unconnected port SINIT
WARNING: [Synth 8-3331] design renorm_and_round_logic has unconnected port EXP_OUT[7]
WARNING: [Synth 8-3331] design renorm_and_round_logic has unconnected port EXP_OUT[6]
WARNING: [Synth 8-3331] design renorm_and_round_logic has unconnected port EXP_OUT[5]
WARNING: [Synth 8-3331] design renorm_and_round_logic has unconnected port EXP_OUT[4]
WARNING: [Synth 8-3331] design renorm_and_round_logic has unconnected port EXP_OUT[3]
WARNING: [Synth 8-3331] design renorm_and_round_logic has unconnected port EXP_OUT[2]
WARNING: [Synth 8-3331] design renorm_and_round_logic has unconnected port EXP_OUT[1]
WARNING: [Synth 8-3331] design renorm_and_round_logic has unconnected port EXP_OUT[0]
WARNING: [Synth 8-3331] design renorm_and_round_logic has unconnected port EXP_INC_IN
WARNING: [Synth 8-3331] design xbip_pipe_v3_0_4_viv__parameterized64 has unconnected port SCLR
WARNING: [Synth 8-3331] design xbip_pipe_v3_0_4_viv__parameterized64 has unconnected port SSET
WARNING: [Synth 8-3331] design xbip_pipe_v3_0_4_viv__parameterized64 has unconnected port SINIT
WARNING: [Synth 8-3331] design xbip_pipe_v3_0_4_viv__parameterized162 has unconnected port SCLR
WARNING: [Synth 8-3331] design xbip_pipe_v3_0_4_viv__parameterized162 has unconnected port SSET
WARNING: [Synth 8-3331] design xbip_pipe_v3_0_4_viv__parameterized162 has unconnected port SINIT
WARNING: [Synth 8-3331] design xbip_pipe_v3_0_4_viv__parameterized160 has unconnected port SCLR
WARNING: [Synth 8-3331] design xbip_pipe_v3_0_4_viv__parameterized160 has unconnected port SSET
WARNING: [Synth 8-3331] design xbip_pipe_v3_0_4_viv__parameterized160 has unconnected port SINIT
WARNING: [Synth 8-3331] design xbip_pipe_v3_0_4_viv__parameterized158 has unconnected port SCLR
WARNING: [Synth 8-3331] design xbip_pipe_v3_0_4_viv__parameterized158 has unconnected port SSET
WARNING: [Synth 8-3331] design xbip_pipe_v3_0_4_viv__parameterized158 has unconnected port SINIT
WARNING: [Synth 8-3331] design special_detect has unconnected port A[31]
WARNING: [Synth 8-3331] design xbip_pipe_v3_0_4_viv__parameterized156 has unconnected port SCLR
WARNING: [Synth 8-3331] design xbip_pipe_v3_0_4_viv__parameterized156 has unconnected port SSET
WARNING: [Synth 8-3331] design xbip_pipe_v3_0_4_viv__parameterized156 has unconnected port SINIT
WARNING: [Synth 8-3331] design xbip_pipe_v3_0_4_viv__parameterized14 has unconnected port SCLR
WARNING: [Synth 8-3331] design xbip_pipe_v3_0_4_viv__parameterized14 has unconnected port SSET
WARNING: [Synth 8-3331] design xbip_pipe_v3_0_4_viv__parameterized14 has unconnected port SINIT
WARNING: [Synth 8-3331] design xbip_pipe_v3_0_4_viv__parameterized30 has unconnected port SCLR
WARNING: [Synth 8-3331] design xbip_pipe_v3_0_4_viv__parameterized30 has unconnected port SSET
WARNING: [Synth 8-3331] design xbip_pipe_v3_0_4_viv__parameterized30 has unconnected port SINIT
WARNING: [Synth 8-3331] design xbip_pipe_v3_0_4_viv__parameterized46 has unconnected port SCLR
WARNING: [Synth 8-3331] design xbip_pipe_v3_0_4_viv__parameterized46 has unconnected port SSET
WARNING: [Synth 8-3331] design xbip_pipe_v3_0_4_viv__parameterized46 has unconnected port SINIT
WARNING: [Synth 8-3331] design xbip_pipe_v3_0_4_viv__parameterized72 has unconnected port SCLR
WARNING: [Synth 8-3331] design xbip_pipe_v3_0_4_viv__parameterized72 has unconnected port SSET
WARNING: [Synth 8-3331] design xbip_pipe_v3_0_4_viv__parameterized72 has unconnected port SINIT
WARNING: [Synth 8-3331] design xbip_pipe_v3_0_4_viv__parameterized56 has unconnected port SCLR
INFO: [Common 17-14] Message 'Synth 8-3331' appears 100 times and further instances of the messages will be disabled. Use the Tcl command set_msg_config to change the current settings.
---------------------------------------------------------------------------------
Finished RTL Elaboration : Time (s): cpu = 00:00:17 ; elapsed = 00:00:19 . Memory (MB): peak = 513.992 ; gain = 227.059
---------------------------------------------------------------------------------

Report Check Netlist: 
+------+------------------+-------+---------+-------+------------------+
|      |Item              |Errors |Warnings |Status |Description       |
+------+------------------+-------+---------+-------+------------------+
|1     |multi_driven_nets |      0|        0|Passed |Multi driven nets |
+------+------------------+-------+---------+-------+------------------+
---------------------------------------------------------------------------------
Finished RTL Optimization Phase 1 : Time (s): cpu = 00:00:18 ; elapsed = 00:00:19 . Memory (MB): peak = 513.992 ; gain = 227.059
---------------------------------------------------------------------------------
INFO: [Netlist 29-17] Analyzing 875 Unisim elements for replacement
INFO: [Netlist 29-28] Unisim Transformation completed in 0 CPU seconds
INFO: [Device 21-403] Loading part xc7a100tcsg324-1
INFO: [Project 1-570] Preparing netlist for logic optimization

Processing XDC Constraints
Initializing timing engine
Parsing XDC File [d:/HUST_study/FPGA_based_DSP/microblaze_3_4_1/microblaze_3_4_1.srcs/sources_1/bd/design_1/ip/design_1_floating_point_sqrt_0/design_1_floating_point_sqrt_0_ooc.xdc] for cell 'U0'
Finished Parsing XDC File [d:/HUST_study/FPGA_based_DSP/microblaze_3_4_1/microblaze_3_4_1.srcs/sources_1/bd/design_1/ip/design_1_floating_point_sqrt_0/design_1_floating_point_sqrt_0_ooc.xdc] for cell 'U0'
Parsing XDC File [D:/HUST_study/FPGA_based_DSP/microblaze_3_4_1/microblaze_3_4_1.runs/design_1_floating_point_sqrt_0_synth_1/dont_touch.xdc]
Finished Parsing XDC File [D:/HUST_study/FPGA_based_DSP/microblaze_3_4_1/microblaze_3_4_1.runs/design_1_floating_point_sqrt_0_synth_1/dont_touch.xdc]
Completed Processing XDC Constraints

INFO: [Project 1-111] Unisim Transformation Summary:
  A total of 1 instances were transformed.
  FDE => FDRE: 1 instances

Constraint Validation Runtime : Time (s): cpu = 00:00:00 ; elapsed = 00:00:00.048 . Memory (MB): peak = 816.852 ; gain = 0.598
---------------------------------------------------------------------------------
Finished Constraint Validation : Time (s): cpu = 00:00:31 ; elapsed = 00:00:34 . Memory (MB): peak = 816.852 ; gain = 529.918
---------------------------------------------------------------------------------
---------------------------------------------------------------------------------
Start Loading Part and Timing Information
---------------------------------------------------------------------------------
Loading part: xc7a100tcsg324-1
---------------------------------------------------------------------------------
Finished Loading Part and Timing Information : Time (s): cpu = 00:00:31 ; elapsed = 00:00:34 . Memory (MB): peak = 816.852 ; gain = 529.918
---------------------------------------------------------------------------------
---------------------------------------------------------------------------------
Start Applying 'set_property' XDC Constraints
---------------------------------------------------------------------------------
Applied set_property DONT_TOUCH = true for U0. (constraint file  D:/HUST_study/FPGA_based_DSP/microblaze_3_4_1/microblaze_3_4_1.runs/design_1_floating_point_sqrt_0_synth_1/dont_touch.xdc, line 9).
---------------------------------------------------------------------------------
Finished applying 'set_property' XDC Constraints : Time (s): cpu = 00:00:31 ; elapsed = 00:00:34 . Memory (MB): peak = 816.852 ; gain = 529.918
---------------------------------------------------------------------------------
INFO: [Synth 8-5546] ROM "exp_all_one_ip" won't be mapped to RAM because it is too sparse
INFO: [Synth 8-5546] ROM "exp_all_zero_ip" won't be mapped to RAM because it is too sparse
INFO: [Synth 8-5545] ROM "chunk_is_zero_ip" won't be mapped to RAM because address size (36) is larger than maximum supported(25)
---------------------------------------------------------------------------------
Finished RTL Optimization Phase 2 : Time (s): cpu = 00:00:34 ; elapsed = 00:00:38 . Memory (MB): peak = 816.852 ; gain = 529.918
---------------------------------------------------------------------------------
INFO: [Synth 8-223] decloning instance 'U0/i_synth/DELAY_DIVIDE_BY_ZERO' (delay__parameterized78) to 'U0/i_synth/DELAY_OVERFLOW'
INFO: [Synth 8-223] decloning instance 'U0/i_synth/DELAY_DIVIDE_BY_ZERO' (delay__parameterized78) to 'U0/i_synth/DELAY_UNDERFLOW'
INFO: [Synth 8-223] decloning instance 'U0/i_synth/DELAY_DIVIDE_BY_ZERO' (delay__parameterized78) to 'U0/i_synth/DELAY_ACCUM_OVERFLOW'
INFO: [Synth 8-223] decloning instance 'U0/i_synth/DELAY_DIVIDE_BY_ZERO' (delay__parameterized78) to 'U0/i_synth/DELAY_ACCUM_INPUT_OVERFLOW'
INFO: [Synth 8-223] decloning instance 'U0/i_synth/SQRT_OP.SPD.OP/i_mant_calc.ROUND/EXTRA_LSB_BIT_DEL' (delay__parameterized78) to 'U0/i_synth/SQRT_OP.SPD.OP/i_mant_calc.ROUND/EXTRA_LSB_RND1_DEL'
INFO: [Synth 8-223] decloning instance 'U0/i_synth/SQRT_OP.SPD.OP/i_mant_calc.ROUND/EXP_INC_DELAY' (delay__parameterized78) to 'U0/i_synth/SQRT_OP.SPD.OP/i_mant_calc.ROUND/EXP_INC_RND1_DELAY'
INFO: [Synth 8-223] decloning instance 'U0/i_synth/SQRT_OP.SPD.OP/i_mant_calc.ROUND/NORMALIZE_DEL' (delay__parameterized87) to 'U0/i_synth/SQRT_OP.SPD.OP/i_mant_calc.ROUND/NORMALIZE_RND1_DEL'

Report RTL Partitions: 
+-+--------------+------------+----------+
| |RTL Partition |Replication |Instances |
+-+--------------+------------+----------+
+-+--------------+------------+----------+
---------------------------------------------------------------------------------
Start RTL Component Statistics 
---------------------------------------------------------------------------------
---------------------------------------------------------------------------------
Finished RTL Component Statistics 
---------------------------------------------------------------------------------
---------------------------------------------------------------------------------
Start RTL Hierarchical Component Statistics 
---------------------------------------------------------------------------------
---------------------------------------------------------------------------------
Finished RTL Hierarchical Component Statistics
---------------------------------------------------------------------------------
---------------------------------------------------------------------------------
Start Part Resource Summary
---------------------------------------------------------------------------------
Part Resources:
DSPs: 240 (col length:80)
BRAMs: 270 (col length: RAMB18 80 RAMB36 40)
---------------------------------------------------------------------------------
Finished Part Resource Summary
---------------------------------------------------------------------------------
---------------------------------------------------------------------------------
Start Cross Boundary and Area Optimization
---------------------------------------------------------------------------------
INFO: [Synth 8-5546] ROM "SQRT_OP.SPD.OP/i_mant_calc.EXP/COND_DET_A/exp_all_one_ip" won't be mapped to RAM because it is too sparse
INFO: [Synth 8-5546] ROM "SQRT_OP.SPD.OP/i_mant_calc.EXP/COND_DET_A/exp_all_zero_ip" won't be mapped to RAM because it is too sparse
INFO: [Synth 8-3333] propagating constant 0 across sequential element (U0/i_synth/\SQRT_OP.SPD.OP/i_mant_calc.MANT_SQRT/RT[0].MA_DEL.MANT_DEL/i_pipe/opt_has_pipe.first_q_reg[0] )
INFO: [Synth 8-3333] propagating constant 0 across sequential element (U0/i_synth/\SQRT_OP.SPD.OP/i_mant_calc.MANT_SQRT/RT[0].MA_DEL.MANT_DEL/i_pipe/opt_has_pipe.first_q_reg[1] )
INFO: [Synth 8-3333] propagating constant 0 across sequential element (U0/i_synth/\SQRT_OP.SPD.OP/i_mant_calc.MANT_SQRT/RT[0].Q_DEL/i_pipe/opt_has_pipe.first_q_reg[0] )
INFO: [Synth 8-3333] propagating constant 0 across sequential element (U0/i_synth/\SQRT_OP.SPD.OP/i_mant_calc.MANT_SQRT/RT[0].Q_DEL/i_pipe/opt_has_pipe.first_q_reg[1] )
INFO: [Synth 8-3333] propagating constant 0 across sequential element (U0/i_synth/\SQRT_OP.SPD.OP/i_mant_calc.EXP/STATE_DEC_DELAY/i_pipe/opt_has_pipe.first_q_reg[4] )
INFO: [Synth 8-3333] propagating constant 0 across sequential element (U0/i_synth/\SQRT_OP.SPD.OP/i_mant_calc.EXP/STATE_DEC_DELAY/i_pipe/opt_has_pipe.first_q_reg[6] )
INFO: [Synth 8-3333] propagating constant 0 across sequential element (U0/i_synth/\SQRT_OP.SPD.OP/i_mant_calc.EXP/STATE_DEC_DELAY/i_pipe/opt_has_pipe.first_q_reg[7] )
INFO: [Synth 8-3333] propagating constant 0 across sequential element (U0/i_synth/\SQRT_OP.SPD.OP/i_mant_calc.MANT_SQRT/RT[1].MA_DEL.MANT_DEL/i_pipe/opt_has_pipe.first_q_reg[0] )
INFO: [Synth 8-3333] propagating constant 0 across sequential element (U0/i_synth/\SQRT_OP.SPD.OP/i_mant_calc.MANT_SQRT/RT[1].MA_DEL.MANT_DEL/i_pipe/opt_has_pipe.first_q_reg[1] )
INFO: [Synth 8-3333] propagating constant 0 across sequential element (U0/i_synth/\SQRT_OP.SPD.OP/i_mant_calc.MANT_SQRT/RT[1].Q_DEL/i_pipe/opt_has_pipe.first_q_reg[1] )
INFO: [Synth 8-3333] propagating constant 0 across sequential element (U0/i_synth/\SQRT_OP.SPD.OP/i_mant_calc.MANT_SQRT/RT[1].Q_DEL/i_pipe/opt_has_pipe.first_q_reg[2] )
INFO: [Synth 8-3333] propagating constant 0 across sequential element (U0/i_synth/\SQRT_OP.SPD.OP/i_mant_calc.MANT_SQRT/RT[2].MA_DEL.MANT_DEL/i_pipe/opt_has_pipe.first_q_reg[0] )
INFO: [Synth 8-3333] propagating constant 0 across sequential element (U0/i_synth/\SQRT_OP.SPD.OP/i_mant_calc.MANT_SQRT/RT[2].MA_DEL.MANT_DEL/i_pipe/opt_has_pipe.first_q_reg[1] )
INFO: [Synth 8-3333] propagating constant 0 across sequential element (U0/i_synth/\SQRT_OP.SPD.OP/i_mant_calc.MANT_SQRT/RT[2].Q_DEL/i_pipe/opt_has_pipe.first_q_reg[2] )
INFO: [Synth 8-3333] propagating constant 0 across sequential element (U0/i_synth/\SQRT_OP.SPD.OP/i_mant_calc.MANT_SQRT/RT[2].Q_DEL/i_pipe/opt_has_pipe.first_q_reg[3] )
INFO: [Synth 8-3333] propagating constant 0 across sequential element (U0/i_synth/\SQRT_OP.SPD.OP/i_mant_calc.MANT_SQRT/RT[3].MA_DEL.MANT_DEL/i_pipe/opt_has_pipe.first_q_reg[0] )
INFO: [Synth 8-3333] propagating constant 0 across sequential element (U0/i_synth/\SQRT_OP.SPD.OP/i_mant_calc.MANT_SQRT/RT[3].MA_DEL.MANT_DEL/i_pipe/opt_has_pipe.first_q_reg[1] )
INFO: [Synth 8-3333] propagating constant 0 across sequential element (U0/i_synth/\SQRT_OP.SPD.OP/i_mant_calc.MANT_SQRT/RT[3].Q_DEL/i_pipe/opt_has_pipe.first_q_reg[3] )
INFO: [Synth 8-3333] propagating constant 0 across sequential element (U0/i_synth/\SQRT_OP.SPD.OP/i_mant_calc.MANT_SQRT/RT[3].Q_DEL/i_pipe/opt_has_pipe.first_q_reg[4] )
INFO: [Synth 8-3333] propagating constant 0 across sequential element (U0/i_synth/\SQRT_OP.SPD.OP/i_mant_calc.MANT_SQRT/RT[4].MA_DEL.MANT_DEL/i_pipe/opt_has_pipe.first_q_reg[0] )
INFO: [Synth 8-3333] propagating constant 0 across sequential element (U0/i_synth/\SQRT_OP.SPD.OP/i_mant_calc.MANT_SQRT/RT[4].MA_DEL.MANT_DEL/i_pipe/opt_has_pipe.first_q_reg[1] )
INFO: [Synth 8-3333] propagating constant 0 across sequential element (U0/i_synth/\SQRT_OP.SPD.OP/i_mant_calc.MANT_SQRT/RT[4].Q_DEL/i_pipe/opt_has_pipe.first_q_reg[4] )
INFO: [Synth 8-3333] propagating constant 0 across sequential element (U0/i_synth/\SQRT_OP.SPD.OP/i_mant_calc.MANT_SQRT/RT[4].Q_DEL/i_pipe/opt_has_pipe.first_q_reg[5] )
INFO: [Synth 8-3333] propagating constant 0 across sequential element (U0/i_synth/\SQRT_OP.SPD.OP/i_mant_calc.MANT_SQRT/RT[5].MA_DEL.MANT_DEL/i_pipe/opt_has_pipe.first_q_reg[0] )
INFO: [Synth 8-3333] propagating constant 0 across sequential element (U0/i_synth/\SQRT_OP.SPD.OP/i_mant_calc.MANT_SQRT/RT[5].MA_DEL.MANT_DEL/i_pipe/opt_has_pipe.first_q_reg[1] )
INFO: [Synth 8-3333] propagating constant 0 across sequential element (U0/i_synth/\SQRT_OP.SPD.OP/i_mant_calc.MANT_SQRT/RT[5].Q_DEL/i_pipe/opt_has_pipe.first_q_reg[5] )
INFO: [Synth 8-3333] propagating constant 0 across sequential element (U0/i_synth/\SQRT_OP.SPD.OP/i_mant_calc.MANT_SQRT/RT[5].Q_DEL/i_pipe/opt_has_pipe.first_q_reg[6] )
INFO: [Synth 8-3333] propagating constant 0 across sequential element (U0/i_synth/\SQRT_OP.SPD.OP/i_mant_calc.MANT_SQRT/RT[6].MA_DEL.MANT_DEL/i_pipe/opt_has_pipe.first_q_reg[0] )
INFO: [Synth 8-3333] propagating constant 0 across sequential element (U0/i_synth/\SQRT_OP.SPD.OP/i_mant_calc.MANT_SQRT/RT[6].MA_DEL.MANT_DEL/i_pipe/opt_has_pipe.first_q_reg[1] )
INFO: [Synth 8-3333] propagating constant 0 across sequential element (U0/i_synth/\SQRT_OP.SPD.OP/i_mant_calc.MANT_SQRT/RT[6].Q_DEL/i_pipe/opt_has_pipe.first_q_reg[6] )
INFO: [Synth 8-3333] propagating constant 0 across sequential element (U0/i_synth/\SQRT_OP.SPD.OP/i_mant_calc.MANT_SQRT/RT[6].Q_DEL/i_pipe/opt_has_pipe.first_q_reg[7] )
INFO: [Synth 8-3333] propagating constant 0 across sequential element (U0/i_synth/\SQRT_OP.SPD.OP/i_mant_calc.MANT_SQRT/RT[7].MA_DEL.MANT_DEL/i_pipe/opt_has_pipe.first_q_reg[0] )
INFO: [Synth 8-3333] propagating constant 0 across sequential element (U0/i_synth/\SQRT_OP.SPD.OP/i_mant_calc.MANT_SQRT/RT[7].MA_DEL.MANT_DEL/i_pipe/opt_has_pipe.first_q_reg[1] )
INFO: [Synth 8-3333] propagating constant 0 across sequential element (U0/i_synth/\SQRT_OP.SPD.OP/i_mant_calc.MANT_SQRT/RT[7].Q_DEL/i_pipe/opt_has_pipe.first_q_reg[7] )
INFO: [Synth 8-3333] propagating constant 0 across sequential element (U0/i_synth/\SQRT_OP.SPD.OP/i_mant_calc.MANT_SQRT/RT[7].Q_DEL/i_pipe/opt_has_pipe.first_q_reg[8] )
INFO: [Synth 8-3333] propagating constant 0 across sequential element (U0/i_synth/\SQRT_OP.SPD.OP/i_mant_calc.MANT_SQRT/RT[8].MA_DEL.MANT_DEL/i_pipe/opt_has_pipe.first_q_reg[0] )
INFO: [Synth 8-3333] propagating constant 0 across sequential element (U0/i_synth/\SQRT_OP.SPD.OP/i_mant_calc.MANT_SQRT/RT[8].MA_DEL.MANT_DEL/i_pipe/opt_has_pipe.first_q_reg[1] )
INFO: [Synth 8-3333] propagating constant 0 across sequential element (U0/i_synth/\SQRT_OP.SPD.OP/i_mant_calc.MANT_SQRT/RT[8].Q_DEL/i_pipe/opt_has_pipe.first_q_reg[8] )
INFO: [Synth 8-3333] propagating constant 0 across sequential element (U0/i_synth/\SQRT_OP.SPD.OP/i_mant_calc.MANT_SQRT/RT[8].Q_DEL/i_pipe/opt_has_pipe.first_q_reg[9] )
INFO: [Synth 8-3333] propagating constant 0 across sequential element (U0/i_synth/\SQRT_OP.SPD.OP/i_mant_calc.MANT_SQRT/RT[9].MA_DEL.MANT_DEL/i_pipe/opt_has_pipe.first_q_reg[0] )
INFO: [Synth 8-3333] propagating constant 0 across sequential element (U0/i_synth/\SQRT_OP.SPD.OP/i_mant_calc.MANT_SQRT/RT[9].MA_DEL.MANT_DEL/i_pipe/opt_has_pipe.first_q_reg[1] )
INFO: [Synth 8-3333] propagating constant 0 across sequential element (U0/i_synth/\SQRT_OP.SPD.OP/i_mant_calc.MANT_SQRT/RT[9].Q_DEL/i_pipe/opt_has_pipe.first_q_reg[9] )
INFO: [Synth 8-3333] propagating constant 0 across sequential element (U0/i_synth/\SQRT_OP.SPD.OP/i_mant_calc.MANT_SQRT/RT[9].Q_DEL/i_pipe/opt_has_pipe.first_q_reg[10] )
INFO: [Synth 8-3333] propagating constant 0 across sequential element (U0/i_synth/\SQRT_OP.SPD.OP/i_mant_calc.MANT_SQRT/RT[10].MA_DEL.MANT_DEL/i_pipe/opt_has_pipe.first_q_reg[0] )
INFO: [Synth 8-3333] propagating constant 0 across sequential element (U0/i_synth/\SQRT_OP.SPD.OP/i_mant_calc.MANT_SQRT/RT[10].MA_DEL.MANT_DEL/i_pipe/opt_has_pipe.first_q_reg[1] )
INFO: [Synth 8-3333] propagating constant 0 across sequential element (U0/i_synth/\SQRT_OP.SPD.OP/i_mant_calc.MANT_SQRT/RT[10].Q_DEL/i_pipe/opt_has_pipe.first_q_reg[10] )
INFO: [Synth 8-3333] propagating constant 0 across sequential element (U0/i_synth/\SQRT_OP.SPD.OP/i_mant_calc.MANT_SQRT/RT[10].Q_DEL/i_pipe/opt_has_pipe.first_q_reg[11] )
INFO: [Synth 8-3333] propagating constant 0 across sequential element (U0/i_synth/\SQRT_OP.SPD.OP/i_mant_calc.MANT_SQRT/RT[11].MA_DEL.MANT_DEL/i_pipe/opt_has_pipe.first_q_reg[0] )
INFO: [Synth 8-3333] propagating constant 0 across sequential element (U0/i_synth/\SQRT_OP.SPD.OP/i_mant_calc.MANT_SQRT/RT[11].MA_DEL.MANT_DEL/i_pipe/opt_has_pipe.first_q_reg[1] )
INFO: [Synth 8-3333] propagating constant 0 across sequential element (U0/i_synth/\SQRT_OP.SPD.OP/i_mant_calc.MANT_SQRT/RT[11].Q_DEL/i_pipe/opt_has_pipe.first_q_reg[11] )
INFO: [Synth 8-3333] propagating constant 0 across sequential element (U0/i_synth/\SQRT_OP.SPD.OP/i_mant_calc.MANT_SQRT/RT[11].Q_DEL/i_pipe/opt_has_pipe.first_q_reg[12] )
INFO: [Synth 8-3333] propagating constant 0 across sequential element (U0/i_synth/\SQRT_OP.SPD.OP/i_mant_calc.MANT_SQRT/RT[12].MA_DEL.MANT_DEL/i_pipe/opt_has_pipe.first_q_reg[0] )
INFO: [Synth 8-3333] propagating constant 0 across sequential element (U0/i_synth/\SQRT_OP.SPD.OP/i_mant_calc.MANT_SQRT/RT[12].Q_DEL/i_pipe/opt_has_pipe.first_q_reg[12] )
INFO: [Synth 8-3333] propagating constant 0 across sequential element (U0/i_synth/\SQRT_OP.SPD.OP/i_mant_calc.MANT_SQRT/RT[12].Q_DEL/i_pipe/opt_has_pipe.first_q_reg[13] )
INFO: [Synth 8-3333] propagating constant 0 across sequential element (U0/i_synth/\SQRT_OP.SPD.OP/i_mant_calc.MANT_SQRT/RT[13].Q_DEL/i_pipe/opt_has_pipe.first_q_reg[13] )
INFO: [Synth 8-3333] propagating constant 0 across sequential element (U0/i_synth/\SQRT_OP.SPD.OP/i_mant_calc.MANT_SQRT/RT[13].Q_DEL/i_pipe/opt_has_pipe.first_q_reg[14] )
INFO: [Synth 8-3333] propagating constant 0 across sequential element (U0/i_synth/\SQRT_OP.SPD.OP/i_mant_calc.MANT_SQRT/RT[14].Q_DEL/i_pipe/opt_has_pipe.first_q_reg[14] )
INFO: [Synth 8-3333] propagating constant 0 across sequential element (U0/i_synth/\SQRT_OP.SPD.OP/i_mant_calc.MANT_SQRT/RT[14].Q_DEL/i_pipe/opt_has_pipe.first_q_reg[15] )
INFO: [Synth 8-3333] propagating constant 0 across sequential element (U0/i_synth/\SQRT_OP.SPD.OP/i_mant_calc.MANT_SQRT/RT[15].Q_DEL/i_pipe/opt_has_pipe.first_q_reg[15] )
INFO: [Synth 8-3333] propagating constant 0 across sequential element (U0/i_synth/\SQRT_OP.SPD.OP/i_mant_calc.MANT_SQRT/RT[15].Q_DEL/i_pipe/opt_has_pipe.first_q_reg[16] )
INFO: [Synth 8-3333] propagating constant 0 across sequential element (U0/i_synth/\SQRT_OP.SPD.OP/i_mant_calc.MANT_SQRT/RT[16].Q_DEL/i_pipe/opt_has_pipe.first_q_reg[16] )
INFO: [Synth 8-3333] propagating constant 0 across sequential element (U0/i_synth/\SQRT_OP.SPD.OP/i_mant_calc.MANT_SQRT/RT[16].Q_DEL/i_pipe/opt_has_pipe.first_q_reg[17] )
INFO: [Synth 8-3333] propagating constant 0 across sequential element (U0/i_synth/\SQRT_OP.SPD.OP/i_mant_calc.MANT_SQRT/RT[17].Q_DEL/i_pipe/opt_has_pipe.first_q_reg[17] )
INFO: [Synth 8-3333] propagating constant 0 across sequential element (U0/i_synth/\SQRT_OP.SPD.OP/i_mant_calc.MANT_SQRT/RT[17].Q_DEL/i_pipe/opt_has_pipe.first_q_reg[18] )
INFO: [Synth 8-3333] propagating constant 0 across sequential element (U0/i_synth/\SQRT_OP.SPD.OP/i_mant_calc.MANT_SQRT/RT[18].Q_DEL/i_pipe/opt_has_pipe.first_q_reg[18] )
INFO: [Synth 8-3333] propagating constant 0 across sequential element (U0/i_synth/\SQRT_OP.SPD.OP/i_mant_calc.MANT_SQRT/RT[18].Q_DEL/i_pipe/opt_has_pipe.first_q_reg[19] )
INFO: [Synth 8-3333] propagating constant 0 across sequential element (U0/i_synth/\SQRT_OP.SPD.OP/i_mant_calc.MANT_SQRT/RT[19].Q_DEL/i_pipe/opt_has_pipe.first_q_reg[19] )
INFO: [Synth 8-3333] propagating constant 0 across sequential element (U0/i_synth/\SQRT_OP.SPD.OP/i_mant_calc.MANT_SQRT/RT[19].Q_DEL/i_pipe/opt_has_pipe.first_q_reg[20] )
INFO: [Synth 8-3333] propagating constant 0 across sequential element (U0/i_synth/\SQRT_OP.SPD.OP/i_mant_calc.MANT_SQRT/RT[20].Q_DEL/i_pipe/opt_has_pipe.first_q_reg[20] )
INFO: [Synth 8-3333] propagating constant 0 across sequential element (U0/i_synth/\SQRT_OP.SPD.OP/i_mant_calc.MANT_SQRT/RT[20].Q_DEL/i_pipe/opt_has_pipe.first_q_reg[21] )
INFO: [Synth 8-3333] propagating constant 0 across sequential element (U0/i_synth/\SQRT_OP.SPD.OP/i_mant_calc.MANT_SQRT/RT[21].Q_DEL/i_pipe/opt_has_pipe.first_q_reg[21] )
INFO: [Synth 8-3333] propagating constant 0 across sequential element (U0/i_synth/\SQRT_OP.SPD.OP/i_mant_calc.MANT_SQRT/RT[21].Q_DEL/i_pipe/opt_has_pipe.first_q_reg[22] )
INFO: [Synth 8-3333] propagating constant 0 across sequential element (U0/i_synth/\SQRT_OP.SPD.OP/i_mant_calc.MANT_SQRT/RT[22].Q_DEL/i_pipe/opt_has_pipe.first_q_reg[22] )
INFO: [Synth 8-3333] propagating constant 0 across sequential element (U0/i_synth/\SQRT_OP.SPD.OP/i_mant_calc.MANT_SQRT/RT[22].Q_DEL/i_pipe/opt_has_pipe.first_q_reg[23] )
INFO: [Synth 8-3333] propagating constant 0 across sequential element (U0/i_synth/\SQRT_OP.SPD.OP/i_mant_calc.MANT_SQRT/RT[23].Q_DEL/i_pipe/opt_has_pipe.first_q_reg[23] )
INFO: [Synth 8-3333] propagating constant 0 across sequential element (U0/i_synth/\SQRT_OP.SPD.OP/i_mant_calc.MANT_SQRT/RT[23].Q_DEL/i_pipe/opt_has_pipe.first_q_reg[24] )
INFO: [Synth 8-3332] Sequential element (SQRT_OP.SPD.OP/i_mant_calc.ROUND/LOGIC.RND2/CARRYS_Q_DEL.FAST_DEL.CARRY_FD) is unused and will be removed from module floating_point_v7_1_5_viv.
INFO: [Synth 8-3332] Sequential element (SQRT_OP.SPD.OP/i_mant_calc.MANT_SQRT/RT[0].Q_DEL/i_pipe/opt_has_pipe.first_q_reg[1]) is unused and will be removed from module floating_point_v7_1_5_viv.
INFO: [Synth 8-3332] Sequential element (SQRT_OP.SPD.OP/i_mant_calc.MANT_SQRT/RT[0].Q_DEL/i_pipe/opt_has_pipe.first_q_reg[0]) is unused and will be removed from module floating_point_v7_1_5_viv.
INFO: [Synth 8-3332] Sequential element (SQRT_OP.SPD.OP/i_mant_calc.MANT_SQRT/RT[1].Q_DEL/i_pipe/opt_has_pipe.first_q_reg[2]) is unused and will be removed from module floating_point_v7_1_5_viv.
INFO: [Synth 8-3332] Sequential element (SQRT_OP.SPD.OP/i_mant_calc.MANT_SQRT/RT[1].Q_DEL/i_pipe/opt_has_pipe.first_q_reg[1]) is unused and will be removed from module floating_point_v7_1_5_viv.
INFO: [Synth 8-3332] Sequential element (SQRT_OP.SPD.OP/i_mant_calc.MANT_SQRT/RT[2].Q_DEL/i_pipe/opt_has_pipe.first_q_reg[3]) is unused and will be removed from module floating_point_v7_1_5_viv.
INFO: [Synth 8-3332] Sequential element (SQRT_OP.SPD.OP/i_mant_calc.MANT_SQRT/RT[2].Q_DEL/i_pipe/opt_has_pipe.first_q_reg[2]) is unused and will be removed from module floating_point_v7_1_5_viv.
INFO: [Synth 8-3332] Sequential element (SQRT_OP.SPD.OP/i_mant_calc.MANT_SQRT/RT[3].Q_DEL/i_pipe/opt_has_pipe.first_q_reg[4]) is unused and will be removed from module floating_point_v7_1_5_viv.
INFO: [Synth 8-3332] Sequential element (SQRT_OP.SPD.OP/i_mant_calc.MANT_SQRT/RT[3].Q_DEL/i_pipe/opt_has_pipe.first_q_reg[3]) is unused and will be removed from module floating_point_v7_1_5_viv.
INFO: [Synth 8-3332] Sequential element (SQRT_OP.SPD.OP/i_mant_calc.MANT_SQRT/RT[4].Q_DEL/i_pipe/opt_has_pipe.first_q_reg[5]) is unused and will be removed from module floating_point_v7_1_5_viv.
INFO: [Synth 8-3332] Sequential element (SQRT_OP.SPD.OP/i_mant_calc.MANT_SQRT/RT[4].Q_DEL/i_pipe/opt_has_pipe.first_q_reg[4]) is unused and will be removed from module floating_point_v7_1_5_viv.
INFO: [Synth 8-3332] Sequential element (SQRT_OP.SPD.OP/i_mant_calc.MANT_SQRT/RT[5].Q_DEL/i_pipe/opt_has_pipe.first_q_reg[6]) is unused and will be removed from module floating_point_v7_1_5_viv.
INFO: [Synth 8-3332] Sequential element (SQRT_OP.SPD.OP/i_mant_calc.MANT_SQRT/RT[5].Q_DEL/i_pipe/opt_has_pipe.first_q_reg[5]) is unused and will be removed from module floating_point_v7_1_5_viv.
INFO: [Synth 8-3332] Sequential element (SQRT_OP.SPD.OP/i_mant_calc.MANT_SQRT/RT[6].Q_DEL/i_pipe/opt_has_pipe.first_q_reg[7]) is unused and will be removed from module floating_point_v7_1_5_viv.
INFO: [Synth 8-3332] Sequential element (SQRT_OP.SPD.OP/i_mant_calc.MANT_SQRT/RT[6].Q_DEL/i_pipe/opt_has_pipe.first_q_reg[6]) is unused and will be removed from module floating_point_v7_1_5_viv.
INFO: [Synth 8-3332] Sequential element (SQRT_OP.SPD.OP/i_mant_calc.MANT_SQRT/RT[7].Q_DEL/i_pipe/opt_has_pipe.first_q_reg[8]) is unused and will be removed from module floating_point_v7_1_5_viv.
INFO: [Synth 8-3332] Sequential element (SQRT_OP.SPD.OP/i_mant_calc.MANT_SQRT/RT[7].Q_DEL/i_pipe/opt_has_pipe.first_q_reg[7]) is unused and will be removed from module floating_point_v7_1_5_viv.
INFO: [Synth 8-3332] Sequential element (SQRT_OP.SPD.OP/i_mant_calc.MANT_SQRT/RT[8].Q_DEL/i_pipe/opt_has_pipe.first_q_reg[9]) is unused and will be removed from module floating_point_v7_1_5_viv.
INFO: [Synth 8-3332] Sequential element (SQRT_OP.SPD.OP/i_mant_calc.MANT_SQRT/RT[8].Q_DEL/i_pipe/opt_has_pipe.first_q_reg[8]) is unused and will be removed from module floating_point_v7_1_5_viv.
INFO: [Synth 8-3332] Sequential element (SQRT_OP.SPD.OP/i_mant_calc.MANT_SQRT/RT[9].Q_DEL/i_pipe/opt_has_pipe.first_q_reg[10]) is unused and will be removed from module floating_point_v7_1_5_viv.
INFO: [Synth 8-3332] Sequential element (SQRT_OP.SPD.OP/i_mant_calc.MANT_SQRT/RT[9].Q_DEL/i_pipe/opt_has_pipe.first_q_reg[9]) is unused and will be removed from module floating_point_v7_1_5_viv.
INFO: [Synth 8-3332] Sequential element (SQRT_OP.SPD.OP/i_mant_calc.MANT_SQRT/RT[10].Q_DEL/i_pipe/opt_has_pipe.first_q_reg[11]) is unused and will be removed from module floating_point_v7_1_5_viv.
INFO: [Synth 8-3332] Sequential element (SQRT_OP.SPD.OP/i_mant_calc.MANT_SQRT/RT[10].Q_DEL/i_pipe/opt_has_pipe.first_q_reg[10]) is unused and will be removed from module floating_point_v7_1_5_viv.
INFO: [Synth 8-3332] Sequential element (SQRT_OP.SPD.OP/i_mant_calc.MANT_SQRT/RT[11].Q_DEL/i_pipe/opt_has_pipe.first_q_reg[12]) is unused and will be removed from module floating_point_v7_1_5_viv.
INFO: [Synth 8-3332] Sequential element (SQRT_OP.SPD.OP/i_mant_calc.MANT_SQRT/RT[11].Q_DEL/i_pipe/opt_has_pipe.first_q_reg[11]) is unused and will be removed from module floating_point_v7_1_5_viv.
INFO: [Synth 8-3332] Sequential element (SQRT_OP.SPD.OP/i_mant_calc.MANT_SQRT/RT[12].Q_DEL/i_pipe/opt_has_pipe.first_q_reg[13]) is unused and will be removed from module floating_point_v7_1_5_viv.
INFO: [Synth 8-3332] Sequential element (SQRT_OP.SPD.OP/i_mant_calc.MANT_SQRT/RT[12].Q_DEL/i_pipe/opt_has_pipe.first_q_reg[12]) is unused and will be removed from module floating_point_v7_1_5_viv.
INFO: [Synth 8-3332] Sequential element (SQRT_OP.SPD.OP/i_mant_calc.MANT_SQRT/RT[13].Q_DEL/i_pipe/opt_has_pipe.first_q_reg[14]) is unused and will be removed from module floating_point_v7_1_5_viv.
INFO: [Synth 8-3332] Sequential element (SQRT_OP.SPD.OP/i_mant_calc.MANT_SQRT/RT[13].Q_DEL/i_pipe/opt_has_pipe.first_q_reg[13]) is unused and will be removed from module floating_point_v7_1_5_viv.
INFO: [Synth 8-3332] Sequential element (SQRT_OP.SPD.OP/i_mant_calc.MANT_SQRT/RT[14].Q_DEL/i_pipe/opt_has_pipe.first_q_reg[15]) is unused and will be removed from module floating_point_v7_1_5_viv.
INFO: [Synth 8-3332] Sequential element (SQRT_OP.SPD.OP/i_mant_calc.MANT_SQRT/RT[14].Q_DEL/i_pipe/opt_has_pipe.first_q_reg[14]) is unused and will be removed from module floating_point_v7_1_5_viv.
INFO: [Synth 8-3332] Sequential element (SQRT_OP.SPD.OP/i_mant_calc.MANT_SQRT/RT[15].Q_DEL/i_pipe/opt_has_pipe.first_q_reg[16]) is unused and will be removed from module floating_point_v7_1_5_viv.
INFO: [Synth 8-3332] Sequential element (SQRT_OP.SPD.OP/i_mant_calc.MANT_SQRT/RT[15].Q_DEL/i_pipe/opt_has_pipe.first_q_reg[15]) is unused and will be removed from module floating_point_v7_1_5_viv.
INFO: [Synth 8-3332] Sequential element (SQRT_OP.SPD.OP/i_mant_calc.MANT_SQRT/RT[16].Q_DEL/i_pipe/opt_has_pipe.first_q_reg[17]) is unused and will be removed from module floating_point_v7_1_5_viv.
INFO: [Synth 8-3332] Sequential element (SQRT_OP.SPD.OP/i_mant_calc.MANT_SQRT/RT[16].Q_DEL/i_pipe/opt_has_pipe.first_q_reg[16]) is unused and will be removed from module floating_point_v7_1_5_viv.
INFO: [Synth 8-3332] Sequential element (SQRT_OP.SPD.OP/i_mant_calc.MANT_SQRT/RT[17].Q_DEL/i_pipe/opt_has_pipe.first_q_reg[18]) is unused and will be removed from module floating_point_v7_1_5_viv.
INFO: [Synth 8-3332] Sequential element (SQRT_OP.SPD.OP/i_mant_calc.MANT_SQRT/RT[17].Q_DEL/i_pipe/opt_has_pipe.first_q_reg[17]) is unused and will be removed from module floating_point_v7_1_5_viv.
INFO: [Synth 8-3332] Sequential element (SQRT_OP.SPD.OP/i_mant_calc.MANT_SQRT/RT[18].Q_DEL/i_pipe/opt_has_pipe.first_q_reg[19]) is unused and will be removed from module floating_point_v7_1_5_viv.
INFO: [Synth 8-3332] Sequential element (SQRT_OP.SPD.OP/i_mant_calc.MANT_SQRT/RT[18].Q_DEL/i_pipe/opt_has_pipe.first_q_reg[18]) is unused and will be removed from module floating_point_v7_1_5_viv.
INFO: [Synth 8-3332] Sequential element (SQRT_OP.SPD.OP/i_mant_calc.MANT_SQRT/RT[19].Q_DEL/i_pipe/opt_has_pipe.first_q_reg[20]) is unused and will be removed from module floating_point_v7_1_5_viv.
INFO: [Synth 8-3332] Sequential element (SQRT_OP.SPD.OP/i_mant_calc.MANT_SQRT/RT[19].Q_DEL/i_pipe/opt_has_pipe.first_q_reg[19]) is unused and will be removed from module floating_point_v7_1_5_viv.
INFO: [Synth 8-3332] Sequential element (SQRT_OP.SPD.OP/i_mant_calc.MANT_SQRT/RT[20].Q_DEL/i_pipe/opt_has_pipe.first_q_reg[21]) is unused and will be removed from module floating_point_v7_1_5_viv.
INFO: [Synth 8-3332] Sequential element (SQRT_OP.SPD.OP/i_mant_calc.MANT_SQRT/RT[20].Q_DEL/i_pipe/opt_has_pipe.first_q_reg[20]) is unused and will be removed from module floating_point_v7_1_5_viv.
INFO: [Synth 8-3332] Sequential element (SQRT_OP.SPD.OP/i_mant_calc.MANT_SQRT/RT[21].Q_DEL/i_pipe/opt_has_pipe.first_q_reg[22]) is unused and will be removed from module floating_point_v7_1_5_viv.
INFO: [Synth 8-3332] Sequential element (SQRT_OP.SPD.OP/i_mant_calc.MANT_SQRT/RT[21].Q_DEL/i_pipe/opt_has_pipe.first_q_reg[21]) is unused and will be removed from module floating_point_v7_1_5_viv.
INFO: [Synth 8-3332] Sequential element (SQRT_OP.SPD.OP/i_mant_calc.MANT_SQRT/RT[22].Q_DEL/i_pipe/opt_has_pipe.first_q_reg[23]) is unused and will be removed from module floating_point_v7_1_5_viv.
INFO: [Synth 8-3332] Sequential element (SQRT_OP.SPD.OP/i_mant_calc.MANT_SQRT/RT[22].Q_DEL/i_pipe/opt_has_pipe.first_q_reg[22]) is unused and will be removed from module floating_point_v7_1_5_viv.
INFO: [Synth 8-3332] Sequential element (SQRT_OP.SPD.OP/i_mant_calc.MANT_SQRT/RT[23].Q_DEL/i_pipe/opt_has_pipe.first_q_reg[24]) is unused and will be removed from module floating_point_v7_1_5_viv.
INFO: [Synth 8-3332] Sequential element (SQRT_OP.SPD.OP/i_mant_calc.MANT_SQRT/RT[23].Q_DEL/i_pipe/opt_has_pipe.first_q_reg[23]) is unused and will be removed from module floating_point_v7_1_5_viv.
INFO: [Synth 8-3332] Sequential element (SQRT_OP.SPD.OP/i_mant_calc.MANT_SQRT/RT[0].MA_DEL.MANT_DEL/i_pipe/opt_has_pipe.first_q_reg[1]) is unused and will be removed from module floating_point_v7_1_5_viv.
INFO: [Synth 8-3332] Sequential element (SQRT_OP.SPD.OP/i_mant_calc.MANT_SQRT/RT[0].MA_DEL.MANT_DEL/i_pipe/opt_has_pipe.first_q_reg[0]) is unused and will be removed from module floating_point_v7_1_5_viv.
INFO: [Synth 8-3332] Sequential element (SQRT_OP.SPD.OP/i_mant_calc.MANT_SQRT/RT[1].MA_DEL.MANT_DEL/i_pipe/opt_has_pipe.first_q_reg[1]) is unused and will be removed from module floating_point_v7_1_5_viv.
INFO: [Synth 8-3332] Sequential element (SQRT_OP.SPD.OP/i_mant_calc.MANT_SQRT/RT[1].MA_DEL.MANT_DEL/i_pipe/opt_has_pipe.first_q_reg[0]) is unused and will be removed from module floating_point_v7_1_5_viv.
INFO: [Synth 8-3332] Sequential element (SQRT_OP.SPD.OP/i_mant_calc.MANT_SQRT/RT[2].MA_DEL.MANT_DEL/i_pipe/opt_has_pipe.first_q_reg[1]) is unused and will be removed from module floating_point_v7_1_5_viv.
INFO: [Synth 8-3332] Sequential element (SQRT_OP.SPD.OP/i_mant_calc.MANT_SQRT/RT[2].MA_DEL.MANT_DEL/i_pipe/opt_has_pipe.first_q_reg[0]) is unused and will be removed from module floating_point_v7_1_5_viv.
INFO: [Synth 8-3332] Sequential element (SQRT_OP.SPD.OP/i_mant_calc.MANT_SQRT/RT[3].MA_DEL.MANT_DEL/i_pipe/opt_has_pipe.first_q_reg[1]) is unused and will be removed from module floating_point_v7_1_5_viv.
INFO: [Synth 8-3332] Sequential element (SQRT_OP.SPD.OP/i_mant_calc.MANT_SQRT/RT[3].MA_DEL.MANT_DEL/i_pipe/opt_has_pipe.first_q_reg[0]) is unused and will be removed from module floating_point_v7_1_5_viv.
INFO: [Synth 8-3332] Sequential element (SQRT_OP.SPD.OP/i_mant_calc.MANT_SQRT/RT[4].MA_DEL.MANT_DEL/i_pipe/opt_has_pipe.first_q_reg[1]) is unused and will be removed from module floating_point_v7_1_5_viv.
INFO: [Synth 8-3332] Sequential element (SQRT_OP.SPD.OP/i_mant_calc.MANT_SQRT/RT[4].MA_DEL.MANT_DEL/i_pipe/opt_has_pipe.first_q_reg[0]) is unused and will be removed from module floating_point_v7_1_5_viv.
INFO: [Synth 8-3332] Sequential element (SQRT_OP.SPD.OP/i_mant_calc.MANT_SQRT/RT[5].MA_DEL.MANT_DEL/i_pipe/opt_has_pipe.first_q_reg[1]) is unused and will be removed from module floating_point_v7_1_5_viv.
INFO: [Synth 8-3332] Sequential element (SQRT_OP.SPD.OP/i_mant_calc.MANT_SQRT/RT[5].MA_DEL.MANT_DEL/i_pipe/opt_has_pipe.first_q_reg[0]) is unused and will be removed from module floating_point_v7_1_5_viv.
INFO: [Synth 8-3332] Sequential element (SQRT_OP.SPD.OP/i_mant_calc.MANT_SQRT/RT[6].MA_DEL.MANT_DEL/i_pipe/opt_has_pipe.first_q_reg[1]) is unused and will be removed from module floating_point_v7_1_5_viv.
INFO: [Synth 8-3332] Sequential element (SQRT_OP.SPD.OP/i_mant_calc.MANT_SQRT/RT[6].MA_DEL.MANT_DEL/i_pipe/opt_has_pipe.first_q_reg[0]) is unused and will be removed from module floating_point_v7_1_5_viv.
INFO: [Synth 8-3332] Sequential element (SQRT_OP.SPD.OP/i_mant_calc.MANT_SQRT/RT[7].MA_DEL.MANT_DEL/i_pipe/opt_has_pipe.first_q_reg[1]) is unused and will be removed from module floating_point_v7_1_5_viv.
INFO: [Synth 8-3332] Sequential element (SQRT_OP.SPD.OP/i_mant_calc.MANT_SQRT/RT[7].MA_DEL.MANT_DEL/i_pipe/opt_has_pipe.first_q_reg[0]) is unused and will be removed from module floating_point_v7_1_5_viv.
INFO: [Synth 8-3332] Sequential element (SQRT_OP.SPD.OP/i_mant_calc.MANT_SQRT/RT[8].MA_DEL.MANT_DEL/i_pipe/opt_has_pipe.first_q_reg[1]) is unused and will be removed from module floating_point_v7_1_5_viv.
INFO: [Synth 8-3332] Sequential element (SQRT_OP.SPD.OP/i_mant_calc.MANT_SQRT/RT[8].MA_DEL.MANT_DEL/i_pipe/opt_has_pipe.first_q_reg[0]) is unused and will be removed from module floating_point_v7_1_5_viv.
INFO: [Synth 8-3332] Sequential element (SQRT_OP.SPD.OP/i_mant_calc.MANT_SQRT/RT[9].MA_DEL.MANT_DEL/i_pipe/opt_has_pipe.first_q_reg[1]) is unused and will be removed from module floating_point_v7_1_5_viv.
INFO: [Synth 8-3332] Sequential element (SQRT_OP.SPD.OP/i_mant_calc.MANT_SQRT/RT[9].MA_DEL.MANT_DEL/i_pipe/opt_has_pipe.first_q_reg[0]) is unused and will be removed from module floating_point_v7_1_5_viv.
INFO: [Synth 8-3332] Sequential element (SQRT_OP.SPD.OP/i_mant_calc.MANT_SQRT/RT[10].MA_DEL.MANT_DEL/i_pipe/opt_has_pipe.first_q_reg[1]) is unused and will be removed from module floating_point_v7_1_5_viv.
INFO: [Synth 8-3332] Sequential element (SQRT_OP.SPD.OP/i_mant_calc.MANT_SQRT/RT[10].MA_DEL.MANT_DEL/i_pipe/opt_has_pipe.first_q_reg[0]) is unused and will be removed from module floating_point_v7_1_5_viv.
INFO: [Synth 8-3332] Sequential element (SQRT_OP.SPD.OP/i_mant_calc.MANT_SQRT/RT[11].MA_DEL.MANT_DEL/i_pipe/opt_has_pipe.first_q_reg[1]) is unused and will be removed from module floating_point_v7_1_5_viv.
INFO: [Synth 8-3332] Sequential element (SQRT_OP.SPD.OP/i_mant_calc.MANT_SQRT/RT[11].MA_DEL.MANT_DEL/i_pipe/opt_has_pipe.first_q_reg[0]) is unused and will be removed from module floating_point_v7_1_5_viv.
INFO: [Synth 8-3332] Sequential element (SQRT_OP.SPD.OP/i_mant_calc.MANT_SQRT/RT[12].MA_DEL.MANT_DEL/i_pipe/opt_has_pipe.first_q_reg[0]) is unused and will be removed from module floating_point_v7_1_5_viv.
INFO: [Synth 8-3332] Sequential element (SQRT_OP.SPD.OP/i_mant_calc.EXP/STATE_DEC_DELAY/i_pipe/opt_has_pipe.first_q_reg[7]) is unused and will be removed from module floating_point_v7_1_5_viv.
INFO: [Synth 8-3332] Sequential element (SQRT_OP.SPD.OP/i_mant_calc.EXP/STATE_DEC_DELAY/i_pipe/opt_has_pipe.first_q_reg[6]) is unused and will be removed from module floating_point_v7_1_5_viv.
INFO: [Synth 8-3332] Sequential element (SQRT_OP.SPD.OP/i_mant_calc.EXP/STATE_DEC_DELAY/i_pipe/opt_has_pipe.first_q_reg[4]) is unused and will be removed from module floating_point_v7_1_5_viv.
---------------------------------------------------------------------------------
Finished Cross Boundary and Area Optimization : Time (s): cpu = 00:00:37 ; elapsed = 00:00:42 . Memory (MB): peak = 816.852 ; gain = 529.918
---------------------------------------------------------------------------------

Report RTL Partitions: 
+-+--------------+------------+----------+
| |RTL Partition |Replication |Instances |
+-+--------------+------------+----------+
+-+--------------+------------+----------+
---------------------------------------------------------------------------------
Start Applying XDC Timing Constraints
---------------------------------------------------------------------------------
---------------------------------------------------------------------------------
Finished Applying XDC Timing Constraints : Time (s): cpu = 00:00:47 ; elapsed = 00:00:52 . Memory (MB): peak = 816.852 ; gain = 529.918
---------------------------------------------------------------------------------
---------------------------------------------------------------------------------
Start Timing Optimization
---------------------------------------------------------------------------------
---------------------------------------------------------------------------------
Finished Timing Optimization : Time (s): cpu = 00:00:48 ; elapsed = 00:00:53 . Memory (MB): peak = 816.852 ; gain = 529.918
---------------------------------------------------------------------------------

Report RTL Partitions: 
+-+--------------+------------+----------+
| |RTL Partition |Replication |Instances |
+-+--------------+------------+----------+
+-+--------------+------------+----------+
---------------------------------------------------------------------------------
Start Technology Mapping
---------------------------------------------------------------------------------
---------------------------------------------------------------------------------
Finished Technology Mapping : Time (s): cpu = 00:00:48 ; elapsed = 00:00:53 . Memory (MB): peak = 816.852 ; gain = 529.918
---------------------------------------------------------------------------------

Report RTL Partitions: 
+-+--------------+------------+----------+
| |RTL Partition |Replication |Instances |
+-+--------------+------------+----------+
+-+--------------+------------+----------+
---------------------------------------------------------------------------------
Start IO Insertion
---------------------------------------------------------------------------------
---------------------------------------------------------------------------------
Start Flattening Before IO Insertion
---------------------------------------------------------------------------------
---------------------------------------------------------------------------------
Finished Flattening Before IO Insertion
---------------------------------------------------------------------------------
---------------------------------------------------------------------------------
Start Final Netlist Cleanup
---------------------------------------------------------------------------------
---------------------------------------------------------------------------------
Finished Final Netlist Cleanup
---------------------------------------------------------------------------------
---------------------------------------------------------------------------------
Finished IO Insertion : Time (s): cpu = 00:00:49 ; elapsed = 00:00:55 . Memory (MB): peak = 816.852 ; gain = 529.918
---------------------------------------------------------------------------------

Report Check Netlist: 
+------+------------------+-------+---------+-------+------------------+
|      |Item              |Errors |Warnings |Status |Description       |
+------+------------------+-------+---------+-------+------------------+
|1     |multi_driven_nets |      0|        0|Passed |Multi driven nets |
+------+------------------+-------+---------+-------+------------------+
---------------------------------------------------------------------------------
Start Renaming Generated Instances
---------------------------------------------------------------------------------
---------------------------------------------------------------------------------
Finished Renaming Generated Instances : Time (s): cpu = 00:00:49 ; elapsed = 00:00:55 . Memory (MB): peak = 816.852 ; gain = 529.918
---------------------------------------------------------------------------------

Report RTL Partitions: 
+-+--------------+------------+----------+
| |RTL Partition |Replication |Instances |
+-+--------------+------------+----------+
+-+--------------+------------+----------+
---------------------------------------------------------------------------------
Start Rebuilding User Hierarchy
---------------------------------------------------------------------------------
---------------------------------------------------------------------------------
Finished Rebuilding User Hierarchy : Time (s): cpu = 00:00:50 ; elapsed = 00:00:55 . Memory (MB): peak = 816.852 ; gain = 529.918
---------------------------------------------------------------------------------
---------------------------------------------------------------------------------
Start Renaming Generated Ports
---------------------------------------------------------------------------------
---------------------------------------------------------------------------------
Finished Renaming Generated Ports : Time (s): cpu = 00:00:50 ; elapsed = 00:00:55 . Memory (MB): peak = 816.852 ; gain = 529.918
---------------------------------------------------------------------------------
---------------------------------------------------------------------------------
Start Handling Custom Attributes
---------------------------------------------------------------------------------
---------------------------------------------------------------------------------
Finished Handling Custom Attributes : Time (s): cpu = 00:00:50 ; elapsed = 00:00:55 . Memory (MB): peak = 816.852 ; gain = 529.918
---------------------------------------------------------------------------------
---------------------------------------------------------------------------------
Start Renaming Generated Nets
---------------------------------------------------------------------------------
---------------------------------------------------------------------------------
Finished Renaming Generated Nets : Time (s): cpu = 00:00:50 ; elapsed = 00:00:55 . Memory (MB): peak = 816.852 ; gain = 529.918
---------------------------------------------------------------------------------
---------------------------------------------------------------------------------
Start Writing Synthesis Report
---------------------------------------------------------------------------------

Report BlackBoxes: 
+-+--------------+----------+
| |BlackBox name |Instances |
+-+--------------+----------+
+-+--------------+----------+

Report Cell Usage: 
+------+--------+------+
|      |Cell    |Count |
+------+--------+------+
|1     |LUT1    |    39|
|2     |LUT2    |    55|
|3     |LUT3    |   364|
|4     |LUT4    |     7|
|5     |LUT5    |     6|
|6     |LUT6    |     8|
|7     |MUXCY   |   424|
|8     |SRL16E  |    21|
|9     |SRLC32E |    12|
|10    |XORCY   |   448|
|11    |FDRE    |   941|
+------+--------+------+
---------------------------------------------------------------------------------
Finished Writing Synthesis Report : Time (s): cpu = 00:00:50 ; elapsed = 00:00:55 . Memory (MB): peak = 816.852 ; gain = 529.918
---------------------------------------------------------------------------------
Synthesis finished with 0 errors, 0 critical warnings and 83 warnings.
Synthesis Optimization Runtime : Time (s): cpu = 00:00:25 ; elapsed = 00:00:47 . Memory (MB): peak = 816.852 ; gain = 227.059
Synthesis Optimization Complete : Time (s): cpu = 00:00:50 ; elapsed = 00:00:55 . Memory (MB): peak = 816.852 ; gain = 529.918
INFO: [Project 1-571] Translating synthesized netlist
INFO: [Netlist 29-17] Analyzing 872 Unisim elements for replacement
INFO: [Netlist 29-28] Unisim Transformation completed in 0 CPU seconds
INFO: [Project 1-570] Preparing netlist for logic optimization
INFO: [Opt 31-138] Pushed 0 inverter(s) to 0 load pin(s).
INFO: [Project 1-111] Unisim Transformation Summary:
  A total of 123 instances were transformed.
  (MUXCY,XORCY) => CARRY4: 123 instances

INFO: [Common 17-83] Releasing license: Synthesis
182 Infos, 100 Warnings, 0 Critical Warnings and 0 Errors encountered.
synth_design completed successfully
synth_design: Time (s): cpu = 00:00:53 ; elapsed = 00:00:59 . Memory (MB): peak = 816.852 ; gain = 541.391
INFO: [Common 17-1381] The checkpoint 'D:/HUST_study/FPGA_based_DSP/microblaze_3_4_1/microblaze_3_4_1.runs/design_1_floating_point_sqrt_0_synth_1/design_1_floating_point_sqrt_0.dcp' has been generated.
